2025-08-23 18:24:48,064 - INFO - Connected to MongoDB database: libraryDB
2025-08-23 18:24:48,064 - INFO - Using collection: fe_students
2025-08-23 18:24:48,105 - INFO - Fetched 1967 PRN numbers from database
2025-08-23 18:24:48,110 - INFO - Starting continuous PRN automation
2025-08-23 18:24:48,111 - INFO - Move mouse to top-left corner to stop the automation
2025-08-23 18:24:48,111 - INFO - === Starting Cycle 1 ===
2025-08-23 18:24:55,939 - INFO - Starting automation cycle with 300 iterations
2025-08-23 18:24:55,939 - INFO - Iteration 1/300: Processing PRN 124A2001
2025-08-23 18:24:55,939 - INFO - Inputting PRN: 124A2001
2025-08-23 18:24:56,927 - INFO - Successfully input PRN: 124A2001
2025-08-23 18:24:57,229 - INFO - Iteration 2/300: Processing PRN 124A2002
2025-08-23 18:24:57,230 - INFO - Inputting PRN: 124A2002
2025-08-23 18:24:58,155 - INFO - Successfully input PRN: 124A2002
2025-08-23 18:24:58,456 - INFO - Iteration 3/300: Processing PRN 124A2003
2025-08-23 18:24:58,457 - INFO - Inputting PRN: 124A2003
2025-08-23 18:24:59,412 - INFO - Successfully input PRN: 124A2003
2025-08-23 18:24:59,713 - INFO - Iteration 4/300: Processing PRN 124A2004
2025-08-23 18:24:59,714 - INFO - Inputting PRN: 124A2004
2025-08-23 18:25:00,698 - INFO - Successfully input PRN: 124A2004
2025-08-23 18:25:00,999 - INFO - Iteration 5/300: Processing PRN 124A2005
2025-08-23 18:25:00,999 - INFO - Inputting PRN: 124A2005
2025-08-23 18:25:01,978 - INFO - Successfully input PRN: 124A2005
2025-08-23 18:25:02,279 - INFO - Iteration 6/300: Processing PRN 124A2006
2025-08-23 18:25:02,279 - INFO - Inputting PRN: 124A2006
2025-08-23 18:25:03,232 - INFO - Successfully input PRN: 124A2006
2025-08-23 18:25:03,532 - INFO - Iteration 7/300: Processing PRN 124A2007
2025-08-23 18:25:03,533 - INFO - Inputting PRN: 124A2007
2025-08-23 18:25:04,488 - INFO - Successfully input PRN: 124A2007
2025-08-23 18:25:04,789 - INFO - Iteration 8/300: Processing PRN 124A2008
2025-08-23 18:25:04,790 - INFO - Inputting PRN: 124A2008
2025-08-23 18:25:05,751 - INFO - Successfully input PRN: 124A2008
2025-08-23 18:25:06,051 - INFO - Iteration 9/300: Processing PRN 124A2009
2025-08-23 18:25:06,052 - INFO - Inputting PRN: 124A2009
2025-08-23 18:25:07,035 - INFO - Successfully input PRN: 124A2009
2025-08-23 18:25:07,337 - INFO - Iteration 10/300: Processing PRN 124A2010
2025-08-23 18:25:07,338 - INFO - Inputting PRN: 124A2010
2025-08-23 18:25:08,280 - INFO - Successfully input PRN: 124A2010
2025-08-23 18:25:08,581 - INFO - Iteration 11/300: Processing PRN 124A2011
2025-08-23 18:25:08,581 - INFO - Inputting PRN: 124A2011
2025-08-23 18:25:09,553 - INFO - Successfully input PRN: 124A2011
2025-08-23 18:25:09,854 - INFO - Iteration 12/300: Processing PRN 124A2012
2025-08-23 18:25:09,855 - INFO - Inputting PRN: 124A2012
2025-08-23 18:25:10,853 - INFO - Successfully input PRN: 124A2012
2025-08-23 18:25:11,155 - INFO - Iteration 13/300: Processing PRN 124A2013
2025-08-23 18:25:11,155 - INFO - Inputting PRN: 124A2013
2025-08-23 18:25:12,118 - INFO - Successfully input PRN: 124A2013
2025-08-23 18:25:12,419 - INFO - Iteration 14/300: Processing PRN 124A2014
2025-08-23 18:25:12,420 - INFO - Inputting PRN: 124A2014
2025-08-23 18:25:13,377 - INFO - Successfully input PRN: 124A2014
2025-08-23 18:25:13,678 - INFO - Iteration 15/300: Processing PRN 124A2015
2025-08-23 18:25:13,678 - INFO - Inputting PRN: 124A2015
2025-08-23 18:25:14,628 - INFO - Successfully input PRN: 124A2015
2025-08-23 18:25:14,929 - INFO - Iteration 16/300: Processing PRN 124A2016
2025-08-23 18:25:14,929 - INFO - Inputting PRN: 124A2016
2025-08-23 18:25:15,862 - INFO - Successfully input PRN: 124A2016
2025-08-23 18:25:16,163 - INFO - Iteration 17/300: Processing PRN 124A2017
2025-08-23 18:25:16,164 - INFO - Inputting PRN: 124A2017
2025-08-23 18:25:17,121 - INFO - Successfully input PRN: 124A2017
2025-08-23 18:25:17,422 - INFO - Iteration 18/300: Processing PRN 124A2018
2025-08-23 18:25:17,422 - INFO - Inputting PRN: 124A2018
2025-08-23 18:25:18,366 - INFO - Successfully input PRN: 124A2018
2025-08-23 18:25:18,668 - INFO - Iteration 19/300: Processing PRN 124A2019
2025-08-23 18:25:18,668 - INFO - Inputting PRN: 124A2019
2025-08-23 18:25:19,632 - INFO - Successfully input PRN: 124A2019
2025-08-23 18:25:19,932 - INFO - Iteration 20/300: Processing PRN 124A2020
2025-08-23 18:25:19,933 - INFO - Inputting PRN: 124A2020
2025-08-23 18:25:20,850 - INFO - Successfully input PRN: 124A2020
2025-08-23 18:25:21,152 - INFO - Iteration 21/300: Processing PRN 124A2021
2025-08-23 18:25:21,156 - INFO - Inputting PRN: 124A2021
2025-08-23 18:25:22,344 - INFO - Successfully input PRN: 124A2021
2025-08-23 18:25:22,644 - INFO - Iteration 22/300: Processing PRN 124A2022
2025-08-23 18:25:22,645 - INFO - Inputting PRN: 124A2022
2025-08-23 18:25:23,615 - INFO - Successfully input PRN: 124A2022
2025-08-23 18:25:23,918 - INFO - Iteration 23/300: Processing PRN 124A2023
2025-08-23 18:25:23,919 - INFO - Inputting PRN: 124A2023
2025-08-23 18:25:24,876 - INFO - Successfully input PRN: 124A2023
2025-08-23 18:25:25,177 - INFO - Iteration 24/300: Processing PRN 124A2024
2025-08-23 18:25:25,177 - INFO - Inputting PRN: 124A2024
2025-08-23 18:25:26,145 - INFO - Successfully input PRN: 124A2024
2025-08-23 18:25:26,446 - INFO - Iteration 25/300: Processing PRN 124A2025
2025-08-23 18:25:26,446 - INFO - Inputting PRN: 124A2025
2025-08-23 18:25:27,369 - INFO - Successfully input PRN: 124A2025
2025-08-23 18:25:27,670 - INFO - Iteration 26/300: Processing PRN 124A2026
2025-08-23 18:25:27,671 - INFO - Inputting PRN: 124A2026
2025-08-23 18:25:28,618 - INFO - Successfully input PRN: 124A2026
2025-08-23 18:25:28,919 - INFO - Iteration 27/300: Processing PRN 124A2027
2025-08-23 18:25:28,919 - INFO - Inputting PRN: 124A2027
2025-08-23 18:25:29,894 - INFO - Successfully input PRN: 124A2027
2025-08-23 18:25:30,195 - INFO - Iteration 28/300: Processing PRN 124A2028
2025-08-23 18:25:30,195 - INFO - Inputting PRN: 124A2028
2025-08-23 18:25:31,152 - INFO - Successfully input PRN: 124A2028
2025-08-23 18:25:31,453 - INFO - Iteration 29/300: Processing PRN 124A2029
2025-08-23 18:25:31,453 - INFO - Inputting PRN: 124A2029
2025-08-23 18:25:32,407 - INFO - Successfully input PRN: 124A2029
2025-08-23 18:25:32,708 - INFO - Iteration 30/300: Processing PRN 124A2030
2025-08-23 18:25:32,708 - INFO - Inputting PRN: 124A2030
2025-08-23 18:25:33,664 - INFO - Successfully input PRN: 124A2030
2025-08-23 18:25:33,977 - INFO - Iteration 31/300: Processing PRN 124A2031
2025-08-23 18:25:33,979 - INFO - Inputting PRN: 124A2031
2025-08-23 18:25:34,970 - INFO - Successfully input PRN: 124A2031
2025-08-23 18:25:35,270 - INFO - Iteration 32/300: Processing PRN 124A2032
2025-08-23 18:25:35,271 - INFO - Inputting PRN: 124A2032
2025-08-23 18:25:36,227 - INFO - Successfully input PRN: 124A2032
2025-08-23 18:25:36,528 - INFO - Iteration 33/300: Processing PRN 124A2033
2025-08-23 18:25:36,528 - INFO - Inputting PRN: 124A2033
2025-08-23 18:25:37,654 - INFO - Successfully input PRN: 124A2033
2025-08-23 18:25:37,978 - INFO - Iteration 34/300: Processing PRN 124A2034
2025-08-23 18:25:37,979 - INFO - Inputting PRN: 124A2034
2025-08-23 18:25:38,962 - INFO - Successfully input PRN: 124A2034
2025-08-23 18:25:39,292 - INFO - Iteration 35/300: Processing PRN 124A2035
2025-08-23 18:25:39,292 - INFO - Inputting PRN: 124A2035
2025-08-23 18:25:40,259 - INFO - Successfully input PRN: 124A2035
2025-08-23 18:25:40,560 - INFO - Iteration 36/300: Processing PRN 124A2036
2025-08-23 18:25:40,561 - INFO - Inputting PRN: 124A2036
2025-08-23 18:25:41,540 - INFO - Successfully input PRN: 124A2036
2025-08-23 18:25:41,841 - INFO - Iteration 37/300: Processing PRN 124A2037
2025-08-23 18:25:41,842 - INFO - Inputting PRN: 124A2037
2025-08-23 18:25:42,830 - INFO - Successfully input PRN: 124A2037
2025-08-23 18:25:43,133 - INFO - Iteration 38/300: Processing PRN 124A2038
2025-08-23 18:25:43,136 - INFO - Inputting PRN: 124A2038
2025-08-23 18:25:44,109 - INFO - Successfully input PRN: 124A2038
2025-08-23 18:25:44,410 - INFO - Iteration 39/300: Processing PRN 124A2039
2025-08-23 18:25:44,410 - INFO - Inputting PRN: 124A2039
2025-08-23 18:25:45,420 - INFO - Successfully input PRN: 124A2039
2025-08-23 18:25:45,721 - INFO - Iteration 40/300: Processing PRN 124A2040
2025-08-23 18:25:45,721 - INFO - Inputting PRN: 124A2040
2025-08-23 18:25:46,725 - INFO - Successfully input PRN: 124A2040
2025-08-23 18:25:47,025 - INFO - Iteration 41/300: Processing PRN 124A2041
2025-08-23 18:25:47,026 - INFO - Inputting PRN: 124A2041
2025-08-23 18:25:48,014 - INFO - Successfully input PRN: 124A2041
2025-08-23 18:25:48,318 - INFO - Iteration 42/300: Processing PRN 124A2042
2025-08-23 18:25:48,320 - INFO - Inputting PRN: 124A2042
2025-08-23 18:25:49,426 - INFO - Successfully input PRN: 124A2042
2025-08-23 18:25:49,728 - INFO - Iteration 43/300: Processing PRN 124A2043
2025-08-23 18:25:49,728 - INFO - Inputting PRN: 124A2043
2025-08-23 18:25:50,741 - INFO - Successfully input PRN: 124A2043
2025-08-23 18:25:51,044 - INFO - Iteration 44/300: Processing PRN 124A2044
2025-08-23 18:25:51,045 - INFO - Inputting PRN: 124A2044
2025-08-23 18:25:52,039 - INFO - Successfully input PRN: 124A2044
2025-08-23 18:25:52,340 - INFO - Iteration 45/300: Processing PRN 124A2045
2025-08-23 18:25:52,341 - INFO - Inputting PRN: 124A2045
2025-08-23 18:25:53,294 - INFO - Successfully input PRN: 124A2045
2025-08-23 18:25:53,597 - INFO - Iteration 46/300: Processing PRN 124A2046
2025-08-23 18:25:53,603 - INFO - Inputting PRN: 124A2046
2025-08-23 18:25:54,615 - INFO - Successfully input PRN: 124A2046
2025-08-23 18:25:54,916 - INFO - Iteration 47/300: Processing PRN 124A2047
2025-08-23 18:25:54,917 - INFO - Inputting PRN: 124A2047
2025-08-23 18:25:55,877 - INFO - Successfully input PRN: 124A2047
2025-08-23 18:25:56,178 - INFO - Iteration 48/300: Processing PRN 124A2048
2025-08-23 18:25:56,182 - INFO - Inputting PRN: 124A2048
2025-08-23 18:25:57,133 - INFO - Successfully input PRN: 124A2048
2025-08-23 18:25:57,433 - INFO - Iteration 49/300: Processing PRN 124A2049
2025-08-23 18:25:57,434 - INFO - Inputting PRN: 124A2049
2025-08-23 18:25:58,379 - INFO - Successfully input PRN: 124A2049
2025-08-23 18:25:58,683 - INFO - Iteration 50/300: Processing PRN 124A2050
2025-08-23 18:25:58,683 - INFO - Inputting PRN: 124A2050
2025-08-23 18:25:59,797 - INFO - Successfully input PRN: 124A2050
2025-08-23 18:26:00,098 - INFO - Iteration 51/300: Processing PRN 124A2051
2025-08-23 18:26:00,099 - INFO - Inputting PRN: 124A2051
2025-08-23 18:26:01,031 - INFO - Successfully input PRN: 124A2051
2025-08-23 18:26:01,331 - INFO - Iteration 52/300: Processing PRN 124A2052
2025-08-23 18:26:01,332 - INFO - Inputting PRN: 124A2052
2025-08-23 18:26:02,277 - INFO - Successfully input PRN: 124A2052
2025-08-23 18:26:02,579 - INFO - Iteration 53/300: Processing PRN 124A2053
2025-08-23 18:26:02,580 - INFO - Inputting PRN: 124A2053
2025-08-23 18:26:03,546 - INFO - Successfully input PRN: 124A2053
2025-08-23 18:26:03,847 - INFO - Iteration 54/300: Processing PRN 124A2054
2025-08-23 18:26:03,847 - INFO - Inputting PRN: 124A2054
2025-08-23 18:26:04,775 - INFO - Successfully input PRN: 124A2054
2025-08-23 18:26:05,076 - INFO - Iteration 55/300: Processing PRN 124A2055
2025-08-23 18:26:05,076 - INFO - Inputting PRN: 124A2055
2025-08-23 18:26:06,039 - INFO - Successfully input PRN: 124A2055
2025-08-23 18:26:06,340 - INFO - Iteration 56/300: Processing PRN 124A2056
2025-08-23 18:26:06,341 - INFO - Inputting PRN: 124A2056
2025-08-23 18:26:07,308 - INFO - Successfully input PRN: 124A2056
2025-08-23 18:26:07,609 - INFO - Iteration 57/300: Processing PRN 124A2057
2025-08-23 18:26:07,609 - INFO - Inputting PRN: 124A2057
2025-08-23 18:26:08,592 - INFO - Successfully input PRN: 124A2057
2025-08-23 18:26:08,892 - INFO - Iteration 58/300: Processing PRN 124A2058
2025-08-23 18:26:08,893 - INFO - Inputting PRN: 124A2058
2025-08-23 18:26:09,814 - INFO - Successfully input PRN: 124A2058
2025-08-23 18:26:10,117 - INFO - Iteration 59/300: Processing PRN 124A2059
2025-08-23 18:26:10,119 - INFO - Inputting PRN: 124A2059
2025-08-23 18:26:11,090 - INFO - Successfully input PRN: 124A2059
2025-08-23 18:26:11,391 - INFO - Iteration 60/300: Processing PRN 124A2060
2025-08-23 18:26:11,391 - INFO - Inputting PRN: 124A2060
2025-08-23 18:26:12,371 - INFO - Successfully input PRN: 124A2060
2025-08-23 18:26:12,672 - INFO - Iteration 61/300: Processing PRN 124A2061
2025-08-23 18:26:12,672 - INFO - Inputting PRN: 124A2061
2025-08-23 18:26:13,632 - INFO - Successfully input PRN: 124A2061
2025-08-23 18:26:13,932 - INFO - Iteration 62/300: Processing PRN 124A2062
2025-08-23 18:26:13,933 - INFO - Inputting PRN: 124A2062
2025-08-23 18:26:14,887 - INFO - Successfully input PRN: 124A2062
2025-08-23 18:26:15,190 - INFO - Iteration 63/300: Processing PRN 124A2063
2025-08-23 18:26:15,218 - INFO - Inputting PRN: 124A2063
2025-08-23 18:26:16,459 - INFO - Successfully input PRN: 124A2063
2025-08-23 18:26:16,762 - INFO - Iteration 64/300: Processing PRN 124A7001
2025-08-23 18:26:16,763 - INFO - Inputting PRN: 124A7001
2025-08-23 18:26:17,736 - INFO - Successfully input PRN: 124A7001
2025-08-23 18:26:18,037 - INFO - Iteration 65/300: Processing PRN 124A7002
2025-08-23 18:26:18,037 - INFO - Inputting PRN: 124A7002
2025-08-23 18:26:18,993 - INFO - Successfully input PRN: 124A7002
2025-08-23 18:26:19,297 - INFO - Iteration 66/300: Processing PRN 124A7003
2025-08-23 18:26:19,297 - INFO - Inputting PRN: 124A7003
2025-08-23 18:26:20,283 - INFO - Successfully input PRN: 124A7003
2025-08-23 18:26:20,584 - INFO - Iteration 67/300: Processing PRN 124A7004
2025-08-23 18:26:20,584 - INFO - Inputting PRN: 124A7004
2025-08-23 18:26:21,616 - INFO - Successfully input PRN: 124A7004
2025-08-23 18:26:21,917 - INFO - Iteration 68/300: Processing PRN 124A7005
2025-08-23 18:26:21,917 - INFO - Inputting PRN: 124A7005
2025-08-23 18:26:22,872 - INFO - Successfully input PRN: 124A7005
2025-08-23 18:26:23,173 - INFO - Iteration 69/300: Processing PRN 124A7006
2025-08-23 18:26:23,173 - INFO - Inputting PRN: 124A7006
2025-08-23 18:26:24,094 - INFO - Successfully input PRN: 124A7006
2025-08-23 18:26:24,395 - INFO - Iteration 70/300: Processing PRN 124A7007
2025-08-23 18:26:24,396 - INFO - Inputting PRN: 124A7007
2025-08-23 18:26:25,374 - INFO - Successfully input PRN: 124A7007
2025-08-23 18:26:25,676 - INFO - Iteration 71/300: Processing PRN 124A7008
2025-08-23 18:26:25,676 - INFO - Inputting PRN: 124A7008
2025-08-23 18:26:26,646 - INFO - Successfully input PRN: 124A7008
2025-08-23 18:26:26,946 - INFO - Iteration 72/300: Processing PRN 124A7009
2025-08-23 18:26:26,947 - INFO - Inputting PRN: 124A7009
2025-08-23 18:26:27,904 - INFO - Successfully input PRN: 124A7009
2025-08-23 18:26:28,204 - INFO - Iteration 73/300: Processing PRN 124A7010
2025-08-23 18:26:28,205 - INFO - Inputting PRN: 124A7010
2025-08-23 18:26:29,197 - INFO - Successfully input PRN: 124A7010
2025-08-23 18:26:29,498 - INFO - Iteration 74/300: Processing PRN 124A7011
2025-08-23 18:26:29,499 - INFO - Inputting PRN: 124A7011
2025-08-23 18:26:30,453 - INFO - Successfully input PRN: 124A7011
2025-08-23 18:26:30,754 - INFO - Iteration 75/300: Processing PRN 124A7012
2025-08-23 18:26:30,754 - INFO - Inputting PRN: 124A7012
2025-08-23 18:26:31,714 - INFO - Successfully input PRN: 124A7012
2025-08-23 18:26:32,014 - INFO - Iteration 76/300: Processing PRN 124A7013
2025-08-23 18:26:32,015 - INFO - Inputting PRN: 124A7013
2025-08-23 18:26:32,971 - INFO - Successfully input PRN: 124A7013
2025-08-23 18:26:33,272 - INFO - Iteration 77/300: Processing PRN 124A7014
2025-08-23 18:26:33,272 - INFO - Inputting PRN: 124A7014
2025-08-23 18:26:34,284 - INFO - Successfully input PRN: 124A7014
2025-08-23 18:26:34,585 - INFO - Iteration 78/300: Processing PRN 124A7015
2025-08-23 18:26:34,585 - INFO - Inputting PRN: 124A7015
2025-08-23 18:26:35,555 - INFO - Successfully input PRN: 124A7015
2025-08-23 18:26:35,857 - INFO - Iteration 79/300: Processing PRN 124A7016
2025-08-23 18:26:35,858 - INFO - Inputting PRN: 124A7016
2025-08-23 18:26:36,972 - INFO - Successfully input PRN: 124A7016
2025-08-23 18:26:37,281 - INFO - Iteration 80/300: Processing PRN 124A7017
2025-08-23 18:26:37,281 - INFO - Inputting PRN: 124A7017
2025-08-23 18:26:38,252 - INFO - Successfully input PRN: 124A7017
2025-08-23 18:26:38,553 - INFO - Iteration 81/300: Processing PRN 124A7018
2025-08-23 18:26:38,553 - INFO - Inputting PRN: 124A7018
2025-08-23 18:26:39,534 - INFO - Successfully input PRN: 124A7018
2025-08-23 18:26:39,835 - INFO - Iteration 82/300: Processing PRN 124A7019
2025-08-23 18:26:39,835 - INFO - Inputting PRN: 124A7019
2025-08-23 18:26:40,826 - INFO - Successfully input PRN: 124A7019
2025-08-23 18:26:41,127 - INFO - Iteration 83/300: Processing PRN 124A7020
2025-08-23 18:26:41,127 - INFO - Inputting PRN: 124A7020
2025-08-23 18:26:42,120 - INFO - Successfully input PRN: 124A7020
2025-08-23 18:26:42,421 - INFO - Iteration 84/300: Processing PRN 124A7021
2025-08-23 18:26:42,422 - INFO - Inputting PRN: 124A7021
2025-08-23 18:26:43,409 - INFO - Successfully input PRN: 124A7021
2025-08-23 18:26:43,711 - INFO - Iteration 85/300: Processing PRN 124A7022
2025-08-23 18:26:43,712 - INFO - Inputting PRN: 124A7022
2025-08-23 18:26:44,635 - INFO - Successfully input PRN: 124A7022
2025-08-23 18:26:44,936 - INFO - Iteration 86/300: Processing PRN 124A7023
2025-08-23 18:26:44,936 - INFO - Inputting PRN: 124A7023
2025-08-23 18:26:45,894 - INFO - Successfully input PRN: 124A7023
2025-08-23 18:26:46,195 - INFO - Iteration 87/300: Processing PRN 124A7024
2025-08-23 18:26:46,195 - INFO - Inputting PRN: 124A7024
2025-08-23 18:26:47,154 - INFO - Successfully input PRN: 124A7024
2025-08-23 18:26:47,454 - INFO - Iteration 88/300: Processing PRN 124A7025
2025-08-23 18:26:47,454 - INFO - Inputting PRN: 124A7025
2025-08-23 18:26:48,423 - INFO - Successfully input PRN: 124A7025
2025-08-23 18:26:48,727 - INFO - Iteration 89/300: Processing PRN 124A7026
2025-08-23 18:26:48,727 - INFO - Inputting PRN: 124A7026
2025-08-23 18:26:49,712 - INFO - Successfully input PRN: 124A7026
2025-08-23 18:26:50,013 - INFO - Iteration 90/300: Processing PRN 124A7027
2025-08-23 18:26:50,014 - INFO - Inputting PRN: 124A7027
2025-08-23 18:26:50,988 - INFO - Successfully input PRN: 124A7027
2025-08-23 18:26:51,290 - INFO - Iteration 91/300: Processing PRN 124A7028
2025-08-23 18:26:51,290 - INFO - Inputting PRN: 124A7028
2025-08-23 18:26:52,210 - INFO - Successfully input PRN: 124A7028
2025-08-23 18:26:52,511 - INFO - Iteration 92/300: Processing PRN 124A7029
2025-08-23 18:26:52,511 - INFO - Inputting PRN: 124A7029
2025-08-23 18:26:53,462 - INFO - Successfully input PRN: 124A7029
2025-08-23 18:26:53,762 - INFO - Iteration 93/300: Processing PRN 124A7030
2025-08-23 18:26:53,762 - INFO - Inputting PRN: 124A7030
2025-08-23 18:26:54,735 - INFO - Successfully input PRN: 124A7030
2025-08-23 18:26:55,036 - INFO - Iteration 94/300: Processing PRN 124A7031
2025-08-23 18:26:55,037 - INFO - Inputting PRN: 124A7031
2025-08-23 18:26:56,001 - INFO - Successfully input PRN: 124A7031
2025-08-23 18:26:56,301 - INFO - Iteration 95/300: Processing PRN 124A7032
2025-08-23 18:26:56,301 - INFO - Inputting PRN: 124A7032
2025-08-23 18:26:57,334 - INFO - Successfully input PRN: 124A7032
2025-08-23 18:26:57,635 - INFO - Iteration 96/300: Processing PRN 124A7033
2025-08-23 18:26:57,635 - INFO - Inputting PRN: 124A7033
2025-08-23 18:26:58,653 - INFO - Successfully input PRN: 124A7033
2025-08-23 18:26:58,954 - INFO - Iteration 97/300: Processing PRN 124A7034
2025-08-23 18:26:58,955 - INFO - Inputting PRN: 124A7034
2025-08-23 18:26:59,936 - INFO - Successfully input PRN: 124A7034
2025-08-23 18:27:00,236 - INFO - Iteration 98/300: Processing PRN 124A7035
2025-08-23 18:27:00,237 - INFO - Inputting PRN: 124A7035
2025-08-23 18:27:01,158 - INFO - Successfully input PRN: 124A7035
2025-08-23 18:27:01,459 - INFO - Iteration 99/300: Processing PRN 124A7036
2025-08-23 18:27:01,459 - INFO - Inputting PRN: 124A7036
2025-08-23 18:27:02,425 - INFO - Successfully input PRN: 124A7036
2025-08-23 18:27:02,726 - INFO - Iteration 100/300: Processing PRN 124A7037
2025-08-23 18:27:02,727 - INFO - Inputting PRN: 124A7037
2025-08-23 18:27:03,758 - INFO - Successfully input PRN: 124A7037
2025-08-23 18:27:04,063 - INFO - Iteration 101/300: Processing PRN 124A7038
2025-08-23 18:27:04,063 - INFO - Inputting PRN: 124A7038
2025-08-23 18:27:05,083 - INFO - Successfully input PRN: 124A7038
2025-08-23 18:27:05,384 - INFO - Iteration 102/300: Processing PRN 124A7039
2025-08-23 18:27:05,384 - INFO - Inputting PRN: 124A7039
2025-08-23 18:27:06,342 - INFO - Successfully input PRN: 124A7039
2025-08-23 18:27:06,643 - INFO - Iteration 103/300: Processing PRN 124A7040
2025-08-23 18:27:06,644 - INFO - Inputting PRN: 124A7040
2025-08-23 18:27:07,628 - INFO - Successfully input PRN: 124A7040
2025-08-23 18:27:07,929 - INFO - Iteration 104/300: Processing PRN 124A7041
2025-08-23 18:27:07,929 - INFO - Inputting PRN: 124A7041
2025-08-23 18:27:08,858 - INFO - Successfully input PRN: 124A7041
2025-08-23 18:27:09,159 - INFO - Iteration 105/300: Processing PRN 124A7042
2025-08-23 18:27:09,160 - INFO - Inputting PRN: 124A7042
2025-08-23 18:27:10,131 - INFO - Successfully input PRN: 124A7042
2025-08-23 18:27:10,431 - INFO - Iteration 106/300: Processing PRN 124A7043
2025-08-23 18:27:10,432 - INFO - Inputting PRN: 124A7043
2025-08-23 18:27:11,408 - INFO - Successfully input PRN: 124A7043
2025-08-23 18:27:11,708 - INFO - Iteration 107/300: Processing PRN 124A7044
2025-08-23 18:27:11,709 - INFO - Inputting PRN: 124A7044
2025-08-23 18:27:12,666 - INFO - Successfully input PRN: 124A7044
2025-08-23 18:27:12,966 - INFO - Iteration 108/300: Processing PRN 124A7045
2025-08-23 18:27:12,967 - INFO - Inputting PRN: 124A7045
2025-08-23 18:27:13,886 - INFO - Successfully input PRN: 124A7045
2025-08-23 18:27:14,188 - INFO - Iteration 109/300: Processing PRN 124A7046
2025-08-23 18:27:14,189 - INFO - Inputting PRN: 124A7046
2025-08-23 18:27:15,350 - INFO - Successfully input PRN: 124A7046
2025-08-23 18:27:15,651 - INFO - Iteration 110/300: Processing PRN 124A7047
2025-08-23 18:27:15,651 - INFO - Inputting PRN: 124A7047
2025-08-23 18:27:16,648 - INFO - Successfully input PRN: 124A7047
2025-08-23 18:27:16,949 - INFO - Iteration 111/300: Processing PRN 124A7048
2025-08-23 18:27:16,949 - INFO - Inputting PRN: 124A7048
2025-08-23 18:27:17,874 - INFO - Successfully input PRN: 124A7048
2025-08-23 18:27:18,175 - INFO - Iteration 112/300: Processing PRN 124A7049
2025-08-23 18:27:18,175 - INFO - Inputting PRN: 124A7049
2025-08-23 18:27:19,163 - INFO - Successfully input PRN: 124A7049
2025-08-23 18:27:19,464 - INFO - Iteration 113/300: Processing PRN 124A7050
2025-08-23 18:27:19,465 - INFO - Inputting PRN: 124A7050
2025-08-23 18:27:20,450 - INFO - Successfully input PRN: 124A7050
2025-08-23 18:27:20,754 - INFO - Iteration 114/300: Processing PRN 124A7051
2025-08-23 18:27:20,754 - INFO - Inputting PRN: 124A7051
2025-08-23 18:27:21,720 - INFO - Successfully input PRN: 124A7051
2025-08-23 18:27:22,021 - INFO - Iteration 115/300: Processing PRN 124A7052
2025-08-23 18:27:22,021 - INFO - Inputting PRN: 124A7052
2025-08-23 18:27:22,946 - INFO - Successfully input PRN: 124A7052
2025-08-23 18:27:23,247 - INFO - Iteration 116/300: Processing PRN 124A7053
2025-08-23 18:27:23,247 - INFO - Inputting PRN: 124A7053
2025-08-23 18:27:24,241 - INFO - Successfully input PRN: 124A7053
2025-08-23 18:27:24,542 - INFO - Iteration 117/300: Processing PRN 124A7054
2025-08-23 18:27:24,542 - INFO - Inputting PRN: 124A7054
2025-08-23 18:27:25,464 - INFO - Successfully input PRN: 124A7054
2025-08-23 18:27:25,765 - INFO - Iteration 118/300: Processing PRN 124A7055
2025-08-23 18:27:25,765 - INFO - Inputting PRN: 124A7055
2025-08-23 18:27:26,688 - INFO - Successfully input PRN: 124A7055
2025-08-23 18:27:26,989 - INFO - Iteration 119/300: Processing PRN 124A7056
2025-08-23 18:27:26,989 - INFO - Inputting PRN: 124A7056
2025-08-23 18:27:27,913 - INFO - Successfully input PRN: 124A7056
2025-08-23 18:27:28,214 - INFO - Iteration 120/300: Processing PRN 124A7057
2025-08-23 18:27:28,214 - INFO - Inputting PRN: 124A7057
2025-08-23 18:27:29,199 - INFO - Successfully input PRN: 124A7057
2025-08-23 18:27:29,503 - INFO - Iteration 121/300: Processing PRN 124A7058
2025-08-23 18:27:29,504 - INFO - Inputting PRN: 124A7058
2025-08-23 18:27:30,496 - INFO - Successfully input PRN: 124A7058
2025-08-23 18:27:30,826 - INFO - Iteration 122/300: Processing PRN 124A7059
2025-08-23 18:27:30,826 - INFO - Inputting PRN: 124A7059
2025-08-23 18:27:31,844 - INFO - Successfully input PRN: 124A7059
2025-08-23 18:27:32,145 - INFO - Iteration 123/300: Processing PRN 124A7060
2025-08-23 18:27:32,146 - INFO - Inputting PRN: 124A7060
2025-08-23 18:27:33,246 - INFO - Successfully input PRN: 124A7060
2025-08-23 18:27:33,547 - INFO - Iteration 124/300: Processing PRN 124A7061
2025-08-23 18:27:33,547 - INFO - Inputting PRN: 124A7061
2025-08-23 18:27:34,513 - INFO - Successfully input PRN: 124A7061
2025-08-23 18:27:34,814 - INFO - Iteration 125/300: Processing PRN 124A7062
2025-08-23 18:27:34,815 - INFO - Inputting PRN: 124A7062
2025-08-23 18:27:35,812 - INFO - Successfully input PRN: 124A7062
2025-08-23 18:27:36,159 - INFO - Iteration 126/300: Processing PRN 124A7063
2025-08-23 18:27:36,159 - INFO - Inputting PRN: 124A7063
2025-08-23 18:27:37,144 - INFO - Successfully input PRN: 124A7063
2025-08-23 18:27:37,445 - INFO - Iteration 127/300: Processing PRN 124A1001
2025-08-23 18:27:37,445 - INFO - Inputting PRN: 124A1001
2025-08-23 18:27:38,411 - INFO - Successfully input PRN: 124A1001
2025-08-23 18:27:38,711 - INFO - Iteration 128/300: Processing PRN 124A1002
2025-08-23 18:27:38,712 - INFO - Inputting PRN: 124A1002
2025-08-23 18:27:39,676 - INFO - Successfully input PRN: 124A1002
2025-08-23 18:27:39,977 - INFO - Iteration 129/300: Processing PRN 124A1003
2025-08-23 18:27:39,977 - INFO - Inputting PRN: 124A1003
2025-08-23 18:27:40,957 - INFO - Successfully input PRN: 124A1003
2025-08-23 18:27:41,310 - INFO - Iteration 130/300: Processing PRN 124A1004
2025-08-23 18:27:41,362 - INFO - Inputting PRN: 124A1004
2025-08-23 18:27:42,695 - INFO - Successfully input PRN: 124A1004
2025-08-23 18:27:42,996 - INFO - Iteration 131/300: Processing PRN 124A1005
2025-08-23 18:27:42,996 - INFO - Inputting PRN: 124A1005
2025-08-23 18:27:43,995 - INFO - Successfully input PRN: 124A1005
2025-08-23 18:27:44,296 - INFO - Iteration 132/300: Processing PRN 124A1006
2025-08-23 18:27:44,297 - INFO - Inputting PRN: 124A1006
2025-08-23 18:27:45,263 - INFO - Successfully input PRN: 124A1006
2025-08-23 18:27:45,564 - INFO - Iteration 133/300: Processing PRN 124A1007
2025-08-23 18:27:45,565 - INFO - Inputting PRN: 124A1007
2025-08-23 18:27:46,536 - INFO - Successfully input PRN: 124A1007
2025-08-23 18:27:46,837 - INFO - Iteration 134/300: Processing PRN 124A1008
2025-08-23 18:27:46,837 - INFO - Inputting PRN: 124A1008
2025-08-23 18:27:47,780 - INFO - Successfully input PRN: 124A1008
2025-08-23 18:27:48,085 - INFO - Iteration 135/300: Processing PRN 124A1009
2025-08-23 18:27:48,085 - INFO - Inputting PRN: 124A1009
2025-08-23 18:27:49,055 - INFO - Successfully input PRN: 124A1009
2025-08-23 18:27:49,359 - INFO - Iteration 136/300: Processing PRN 124A1010
2025-08-23 18:27:49,360 - INFO - Inputting PRN: 124A1010
2025-08-23 18:27:50,375 - INFO - Successfully input PRN: 124A1010
2025-08-23 18:27:50,676 - INFO - Iteration 137/300: Processing PRN 124A1011
2025-08-23 18:27:50,676 - INFO - Inputting PRN: 124A1011
2025-08-23 18:27:51,643 - INFO - Successfully input PRN: 124A1011
2025-08-23 18:27:51,943 - INFO - Iteration 138/300: Processing PRN 124A1012
2025-08-23 18:27:51,943 - INFO - Inputting PRN: 124A1012
2025-08-23 18:27:52,908 - INFO - Successfully input PRN: 124A1012
2025-08-23 18:27:53,209 - INFO - Iteration 139/300: Processing PRN 124A1013
2025-08-23 18:27:53,210 - INFO - Inputting PRN: 124A1013
2025-08-23 18:27:54,201 - INFO - Successfully input PRN: 124A1013
2025-08-23 18:27:54,536 - INFO - Iteration 140/300: Processing PRN 124A1014
2025-08-23 18:27:54,550 - INFO - Inputting PRN: 124A1014
2025-08-23 18:27:55,605 - INFO - Successfully input PRN: 124A1014
2025-08-23 18:27:55,906 - INFO - Iteration 141/300: Processing PRN 124A1015
2025-08-23 18:27:55,906 - INFO - Inputting PRN: 124A1015
2025-08-23 18:27:57,101 - INFO - Successfully input PRN: 124A1015
2025-08-23 18:27:57,402 - INFO - Iteration 142/300: Processing PRN 124A1016
2025-08-23 18:27:57,402 - INFO - Inputting PRN: 124A1016
2025-08-23 18:27:58,435 - INFO - Successfully input PRN: 124A1016
2025-08-23 18:27:58,736 - INFO - Iteration 143/300: Processing PRN 124A1017
2025-08-23 18:27:58,737 - INFO - Inputting PRN: 124A1017
2025-08-23 18:27:59,712 - INFO - Successfully input PRN: 124A1017
2025-08-23 18:28:00,015 - INFO - Iteration 144/300: Processing PRN 124A1018
2025-08-23 18:28:00,016 - INFO - Inputting PRN: 124A1018
2025-08-23 18:28:00,938 - INFO - Successfully input PRN: 124A1018
2025-08-23 18:28:01,239 - INFO - Iteration 145/300: Processing PRN 124A1019
2025-08-23 18:28:01,240 - INFO - Inputting PRN: 124A1019
2025-08-23 18:28:02,206 - INFO - Successfully input PRN: 124A1019
2025-08-23 18:28:02,508 - INFO - Iteration 146/300: Processing PRN 124A1020
2025-08-23 18:28:02,509 - INFO - Inputting PRN: 124A1020
2025-08-23 18:28:03,473 - INFO - Successfully input PRN: 124A1020
2025-08-23 18:28:03,776 - INFO - Iteration 147/300: Processing PRN 124A1021
2025-08-23 18:28:03,776 - INFO - Inputting PRN: 124A1021
2025-08-23 18:28:04,737 - INFO - Successfully input PRN: 124A1021
2025-08-23 18:28:05,041 - INFO - Iteration 148/300: Processing PRN 124A1022
2025-08-23 18:28:05,042 - INFO - Inputting PRN: 124A1022
2025-08-23 18:28:06,053 - INFO - Successfully input PRN: 124A1022
2025-08-23 18:28:06,355 - INFO - Iteration 149/300: Processing PRN 124A1023
2025-08-23 18:28:06,355 - INFO - Inputting PRN: 124A1023
2025-08-23 18:28:07,337 - INFO - Successfully input PRN: 124A1023
2025-08-23 18:28:07,638 - INFO - Iteration 150/300: Processing PRN 124A1024
2025-08-23 18:28:07,638 - INFO - Inputting PRN: 124A1024
2025-08-23 18:28:08,593 - INFO - Successfully input PRN: 124A1024
2025-08-23 18:28:08,894 - INFO - Iteration 151/300: Processing PRN 124A1025
2025-08-23 18:28:08,900 - INFO - Inputting PRN: 124A1025
2025-08-23 18:28:09,946 - INFO - Successfully input PRN: 124A1025
2025-08-23 18:28:10,248 - INFO - Iteration 152/300: Processing PRN 124A1026
2025-08-23 18:28:10,248 - INFO - Inputting PRN: 124A1026
2025-08-23 18:28:11,259 - INFO - Successfully input PRN: 124A1026
2025-08-23 18:28:11,560 - INFO - Iteration 153/300: Processing PRN 124A1027
2025-08-23 18:28:11,560 - INFO - Inputting PRN: 124A1027
2025-08-23 18:28:12,570 - INFO - Successfully input PRN: 124A1027
2025-08-23 18:28:12,871 - INFO - Iteration 154/300: Processing PRN 124A1028
2025-08-23 18:28:12,871 - INFO - Inputting PRN: 124A1028
2025-08-23 18:28:13,839 - INFO - Successfully input PRN: 124A1028
2025-08-23 18:28:14,139 - INFO - Iteration 155/300: Processing PRN 124A1029
2025-08-23 18:28:14,140 - INFO - Inputting PRN: 124A1029
2025-08-23 18:28:15,139 - INFO - Successfully input PRN: 124A1029
2025-08-23 18:28:15,440 - INFO - Iteration 156/300: Processing PRN 124A1030
2025-08-23 18:28:15,440 - INFO - Inputting PRN: 124A1030
2025-08-23 18:28:16,391 - INFO - Successfully input PRN: 124A1030
2025-08-23 18:28:16,692 - INFO - Iteration 157/300: Processing PRN 124A1031
2025-08-23 18:28:16,692 - INFO - Inputting PRN: 124A1031
2025-08-23 18:28:17,659 - INFO - Successfully input PRN: 124A1031
2025-08-23 18:28:17,960 - INFO - Iteration 158/300: Processing PRN 124A1032
2025-08-23 18:28:17,961 - INFO - Inputting PRN: 124A1032
2025-08-23 18:28:18,938 - INFO - Successfully input PRN: 124A1032
2025-08-23 18:28:19,240 - INFO - Iteration 159/300: Processing PRN 124A1033
2025-08-23 18:28:19,241 - INFO - Inputting PRN: 124A1033
2025-08-23 18:28:20,276 - INFO - Successfully input PRN: 124A1033
2025-08-23 18:28:20,577 - INFO - Iteration 160/300: Processing PRN 124A1034
2025-08-23 18:28:20,578 - INFO - Inputting PRN: 124A1034
2025-08-23 18:28:21,609 - INFO - Successfully input PRN: 124A1034
2025-08-23 18:28:21,915 - INFO - Iteration 161/300: Processing PRN 124A1035
2025-08-23 18:28:21,917 - INFO - Inputting PRN: 124A1035
2025-08-23 18:28:22,971 - INFO - Successfully input PRN: 124A1035
2025-08-23 18:28:23,272 - INFO - Iteration 162/300: Processing PRN 124A1036
2025-08-23 18:28:23,272 - INFO - Inputting PRN: 124A1036
2025-08-23 18:28:24,274 - INFO - Successfully input PRN: 124A1036
2025-08-23 18:28:24,579 - INFO - Iteration 163/300: Processing PRN 124A1037
2025-08-23 18:28:24,579 - INFO - Inputting PRN: 124A1037
2025-08-23 18:28:25,596 - INFO - Successfully input PRN: 124A1037
2025-08-23 18:28:25,897 - INFO - Iteration 164/300: Processing PRN 124A1038
2025-08-23 18:28:25,897 - INFO - Inputting PRN: 124A1038
2025-08-23 18:28:26,889 - INFO - Successfully input PRN: 124A1038
2025-08-23 18:28:27,190 - INFO - Iteration 165/300: Processing PRN 124A1039
2025-08-23 18:28:27,191 - INFO - Inputting PRN: 124A1039
2025-08-23 18:28:28,158 - INFO - Successfully input PRN: 124A1039
2025-08-23 18:28:28,460 - INFO - Iteration 166/300: Processing PRN 124A1040
2025-08-23 18:28:28,461 - INFO - Inputting PRN: 124A1040
2025-08-23 18:28:29,393 - INFO - Successfully input PRN: 124A1040
2025-08-23 18:28:29,694 - INFO - Iteration 167/300: Processing PRN 124A1041
2025-08-23 18:28:29,694 - INFO - Inputting PRN: 124A1041
2025-08-23 18:28:30,733 - INFO - Successfully input PRN: 124A1041
2025-08-23 18:28:31,054 - INFO - Iteration 168/300: Processing PRN 124A1042
2025-08-23 18:28:31,054 - INFO - Inputting PRN: 124A1042
2025-08-23 18:28:32,012 - INFO - Successfully input PRN: 124A1042
2025-08-23 18:28:32,313 - INFO - Iteration 169/300: Processing PRN 124A1043
2025-08-23 18:28:32,313 - INFO - Inputting PRN: 124A1043
2025-08-23 18:28:33,269 - INFO - Successfully input PRN: 124A1043
2025-08-23 18:28:33,569 - INFO - Iteration 170/300: Processing PRN 124A1044
2025-08-23 18:28:33,570 - INFO - Inputting PRN: 124A1044
2025-08-23 18:28:34,537 - INFO - Successfully input PRN: 124A1044
2025-08-23 18:28:34,838 - INFO - Iteration 171/300: Processing PRN 124A1045
2025-08-23 18:28:34,839 - INFO - Inputting PRN: 124A1045
2025-08-23 18:28:35,812 - INFO - Successfully input PRN: 124A1045
2025-08-23 18:28:36,115 - INFO - Iteration 172/300: Processing PRN 124A1046
2025-08-23 18:28:36,128 - INFO - Inputting PRN: 124A1046
2025-08-23 18:28:37,185 - INFO - Successfully input PRN: 124A1046
2025-08-23 18:28:37,485 - INFO - Iteration 173/300: Processing PRN 124A1047
2025-08-23 18:28:37,486 - INFO - Inputting PRN: 124A1047
2025-08-23 18:28:38,452 - INFO - Successfully input PRN: 124A1047
2025-08-23 18:28:38,753 - INFO - Iteration 174/300: Processing PRN 124A1048
2025-08-23 18:28:38,753 - INFO - Inputting PRN: 124A1048
2025-08-23 18:28:39,723 - INFO - Successfully input PRN: 124A1048
2025-08-23 18:28:40,024 - INFO - Iteration 175/300: Processing PRN 124A1049
2025-08-23 18:28:40,025 - INFO - Inputting PRN: 124A1049
2025-08-23 18:28:40,957 - INFO - Successfully input PRN: 124A1049
2025-08-23 18:28:41,257 - INFO - Iteration 176/300: Processing PRN 124A1050
2025-08-23 18:28:41,258 - INFO - Inputting PRN: 124A1050
2025-08-23 18:28:42,210 - INFO - Successfully input PRN: 124A1050
2025-08-23 18:28:42,511 - INFO - Iteration 177/300: Processing PRN 124A1051
2025-08-23 18:28:42,512 - INFO - Inputting PRN: 124A1051
2025-08-23 18:28:43,434 - INFO - Successfully input PRN: 124A1051
2025-08-23 18:28:43,736 - INFO - Iteration 178/300: Processing PRN 124A1052
2025-08-23 18:28:43,737 - INFO - Inputting PRN: 124A1052
2025-08-23 18:28:44,710 - INFO - Successfully input PRN: 124A1052
2025-08-23 18:28:45,011 - INFO - Iteration 179/300: Processing PRN 124A1053
2025-08-23 18:28:45,011 - INFO - Inputting PRN: 124A1053
2025-08-23 18:28:45,960 - INFO - Successfully input PRN: 124A1053
2025-08-23 18:28:46,261 - INFO - Iteration 180/300: Processing PRN 124A1054
2025-08-23 18:28:46,261 - INFO - Inputting PRN: 124A1054
2025-08-23 18:28:47,212 - INFO - Successfully input PRN: 124A1054
2025-08-23 18:28:47,514 - INFO - Iteration 181/300: Processing PRN 124A1055
2025-08-23 18:28:47,515 - INFO - Inputting PRN: 124A1055
2025-08-23 18:28:48,502 - INFO - Successfully input PRN: 124A1055
2025-08-23 18:28:48,803 - INFO - Iteration 182/300: Processing PRN 124A1056
2025-08-23 18:28:48,804 - INFO - Inputting PRN: 124A1056
2025-08-23 18:28:49,768 - INFO - Successfully input PRN: 124A1056
2025-08-23 18:28:50,069 - INFO - Iteration 183/300: Processing PRN 124A1057
2025-08-23 18:28:50,070 - INFO - Inputting PRN: 124A1057
2025-08-23 18:28:51,055 - INFO - Successfully input PRN: 124A1057
2025-08-23 18:28:51,355 - INFO - Iteration 184/300: Processing PRN 124A1058
2025-08-23 18:28:51,358 - INFO - Inputting PRN: 124A1058
2025-08-23 18:28:52,349 - INFO - Successfully input PRN: 124A1058
2025-08-23 18:28:52,650 - INFO - Iteration 185/300: Processing PRN 124A1059
2025-08-23 18:28:52,650 - INFO - Inputting PRN: 124A1059
2025-08-23 18:28:53,619 - INFO - Successfully input PRN: 124A1059
2025-08-23 18:28:53,920 - INFO - Iteration 186/300: Processing PRN 124A1060
2025-08-23 18:28:53,920 - INFO - Inputting PRN: 124A1060
2025-08-23 18:28:54,848 - INFO - Successfully input PRN: 124A1060
2025-08-23 18:28:55,150 - INFO - Iteration 187/300: Processing PRN 124A1061
2025-08-23 18:28:55,150 - INFO - Inputting PRN: 124A1061
2025-08-23 18:28:56,133 - INFO - Successfully input PRN: 124A1061
2025-08-23 18:28:56,434 - INFO - Iteration 188/300: Processing PRN 124A1062
2025-08-23 18:28:56,434 - INFO - Inputting PRN: 124A1062
2025-08-23 18:28:57,439 - INFO - Successfully input PRN: 124A1062
2025-08-23 18:28:57,743 - INFO - Iteration 189/300: Processing PRN 124A1063
2025-08-23 18:28:57,743 - INFO - Inputting PRN: 124A1063
2025-08-23 18:28:58,723 - INFO - Successfully input PRN: 124A1063
2025-08-23 18:28:59,024 - INFO - Iteration 190/300: Processing PRN 124A1064
2025-08-23 18:28:59,025 - INFO - Inputting PRN: 124A1064
2025-08-23 18:29:00,000 - INFO - Successfully input PRN: 124A1064
2025-08-23 18:29:00,300 - INFO - Iteration 191/300: Processing PRN 124A1065
2025-08-23 18:29:00,301 - INFO - Inputting PRN: 124A1065
2025-08-23 18:29:01,273 - INFO - Successfully input PRN: 124A1065
2025-08-23 18:29:01,575 - INFO - Iteration 192/300: Processing PRN 124A1066
2025-08-23 18:29:01,576 - INFO - Inputting PRN: 124A1066
2025-08-23 18:29:02,533 - INFO - Successfully input PRN: 124A1066
2025-08-23 18:29:02,834 - INFO - Iteration 193/300: Processing PRN 124A1067
2025-08-23 18:29:02,835 - INFO - Inputting PRN: 124A1067
2025-08-23 18:29:03,851 - INFO - Successfully input PRN: 124A1067
2025-08-23 18:29:04,152 - INFO - Iteration 194/300: Processing PRN 124A1068
2025-08-23 18:29:04,153 - INFO - Inputting PRN: 124A1068
2025-08-23 18:29:05,280 - INFO - Successfully input PRN: 124A1068
2025-08-23 18:29:05,581 - INFO - Iteration 195/300: Processing PRN 124A1069
2025-08-23 18:29:05,581 - INFO - Inputting PRN: 124A1069
2025-08-23 18:29:06,555 - INFO - Successfully input PRN: 124A1069
2025-08-23 18:29:06,859 - INFO - Iteration 196/300: Processing PRN 124A1070
2025-08-23 18:29:06,859 - INFO - Inputting PRN: 124A1070
2025-08-23 18:29:07,803 - INFO - Successfully input PRN: 124A1070
2025-08-23 18:29:08,106 - INFO - Iteration 197/300: Processing PRN 124A1071
2025-08-23 18:29:08,107 - INFO - Inputting PRN: 124A1071
2025-08-23 18:29:09,066 - INFO - Successfully input PRN: 124A1071
2025-08-23 18:29:09,366 - INFO - Iteration 198/300: Processing PRN 124A1072
2025-08-23 18:29:09,367 - INFO - Inputting PRN: 124A1072
2025-08-23 18:29:10,323 - INFO - Successfully input PRN: 124A1072
2025-08-23 18:29:10,625 - INFO - Iteration 199/300: Processing PRN 124A1073
2025-08-23 18:29:10,625 - INFO - Inputting PRN: 124A1073
2025-08-23 18:29:11,584 - INFO - Successfully input PRN: 124A1073
2025-08-23 18:29:11,886 - INFO - Iteration 200/300: Processing PRN 124A1074
2025-08-23 18:29:11,887 - INFO - Inputting PRN: 124A1074
2025-08-23 18:29:12,851 - INFO - Successfully input PRN: 124A1074
2025-08-23 18:29:13,152 - INFO - Iteration 201/300: Processing PRN 124A1075
2025-08-23 18:29:13,154 - INFO - Inputting PRN: 124A1075
2025-08-23 18:29:14,146 - INFO - Successfully input PRN: 124A1075
2025-08-23 18:29:14,448 - INFO - Iteration 202/300: Processing PRN 124A1076
2025-08-23 18:29:14,448 - INFO - Inputting PRN: 124A1076
2025-08-23 18:29:15,402 - INFO - Successfully input PRN: 124A1076
2025-08-23 18:29:15,703 - INFO - Iteration 203/300: Processing PRN 124A1077
2025-08-23 18:29:15,705 - INFO - Inputting PRN: 124A1077
2025-08-23 18:29:16,666 - INFO - Successfully input PRN: 124A1077
2025-08-23 18:29:16,967 - INFO - Iteration 204/300: Processing PRN 124A1078
2025-08-23 18:29:16,967 - INFO - Inputting PRN: 124A1078
2025-08-23 18:29:17,933 - INFO - Successfully input PRN: 124A1078
2025-08-23 18:29:18,234 - INFO - Iteration 205/300: Processing PRN 124A1079
2025-08-23 18:29:18,234 - INFO - Inputting PRN: 124A1079
2025-08-23 18:29:19,230 - INFO - Successfully input PRN: 124A1079
2025-08-23 18:29:19,551 - INFO - Iteration 206/300: Processing PRN 124A1080
2025-08-23 18:29:19,583 - INFO - Inputting PRN: 124A1080
2025-08-23 18:29:20,615 - INFO - Successfully input PRN: 124A1080
2025-08-23 18:29:20,916 - INFO - Iteration 207/300: Processing PRN 124A1081
2025-08-23 18:29:20,916 - INFO - Inputting PRN: 124A1081
2025-08-23 18:29:21,941 - INFO - Successfully input PRN: 124A1081
2025-08-23 18:29:22,242 - INFO - Iteration 208/300: Processing PRN 124A1082
2025-08-23 18:29:22,243 - INFO - Inputting PRN: 124A1082
2025-08-23 18:29:23,173 - INFO - Successfully input PRN: 124A1082
2025-08-23 18:29:23,474 - INFO - Iteration 209/300: Processing PRN 124A1083
2025-08-23 18:29:23,474 - INFO - Inputting PRN: 124A1083
2025-08-23 18:29:24,429 - INFO - Successfully input PRN: 124A1083
2025-08-23 18:29:24,730 - INFO - Iteration 210/300: Processing PRN 124A1084
2025-08-23 18:29:24,730 - INFO - Inputting PRN: 124A1084
2025-08-23 18:29:25,775 - INFO - Successfully input PRN: 124A1084
2025-08-23 18:29:26,076 - INFO - Iteration 211/300: Processing PRN 124A1085
2025-08-23 18:29:26,077 - INFO - Inputting PRN: 124A1085
2025-08-23 18:29:27,049 - INFO - Successfully input PRN: 124A1085
2025-08-23 18:29:27,350 - INFO - Iteration 212/300: Processing PRN 124A1086
2025-08-23 18:29:27,350 - INFO - Inputting PRN: 124A1086
2025-08-23 18:29:28,297 - INFO - Successfully input PRN: 124A1086
2025-08-23 18:29:28,598 - INFO - Iteration 213/300: Processing PRN 124A1087
2025-08-23 18:29:28,598 - INFO - Inputting PRN: 124A1087
2025-08-23 18:29:29,582 - INFO - Successfully input PRN: 124A1087
2025-08-23 18:29:29,883 - INFO - Iteration 214/300: Processing PRN 124A1088
2025-08-23 18:29:29,883 - INFO - Inputting PRN: 124A1088
2025-08-23 18:29:30,874 - INFO - Successfully input PRN: 124A1088
2025-08-23 18:29:31,174 - INFO - Iteration 215/300: Processing PRN 124A1089
2025-08-23 18:29:31,175 - INFO - Inputting PRN: 124A1089
2025-08-23 18:29:32,102 - INFO - Successfully input PRN: 124A1089
2025-08-23 18:29:32,403 - INFO - Iteration 216/300: Processing PRN 124A1090
2025-08-23 18:29:32,403 - INFO - Inputting PRN: 124A1090
2025-08-23 18:29:33,356 - INFO - Successfully input PRN: 124A1090
2025-08-23 18:29:33,657 - INFO - Iteration 217/300: Processing PRN 124A1091
2025-08-23 18:29:33,657 - INFO - Inputting PRN: 124A1091
2025-08-23 18:29:34,621 - INFO - Successfully input PRN: 124A1091
2025-08-23 18:29:34,923 - INFO - Iteration 218/300: Processing PRN 124A1092
2025-08-23 18:29:34,923 - INFO - Inputting PRN: 124A1092
2025-08-23 18:29:35,883 - INFO - Successfully input PRN: 124A1092
2025-08-23 18:29:36,189 - INFO - Iteration 219/300: Processing PRN 124A1093
2025-08-23 18:29:36,190 - INFO - Inputting PRN: 124A1093
2025-08-23 18:29:37,162 - INFO - Successfully input PRN: 124A1093
2025-08-23 18:29:37,462 - INFO - Iteration 220/300: Processing PRN 124A1094
2025-08-23 18:29:37,463 - INFO - Inputting PRN: 124A1094
2025-08-23 18:29:38,461 - INFO - Successfully input PRN: 124A1094
2025-08-23 18:29:38,763 - INFO - Iteration 221/300: Processing PRN 124A1095
2025-08-23 18:29:38,763 - INFO - Inputting PRN: 124A1095
2025-08-23 18:29:39,732 - INFO - Successfully input PRN: 124A1095
2025-08-23 18:29:40,033 - INFO - Iteration 222/300: Processing PRN 124A1096
2025-08-23 18:29:40,034 - INFO - Inputting PRN: 124A1096
2025-08-23 18:29:41,005 - INFO - Successfully input PRN: 124A1096
2025-08-23 18:29:41,308 - INFO - Iteration 223/300: Processing PRN 124A1097
2025-08-23 18:29:41,309 - INFO - Inputting PRN: 124A1097
2025-08-23 18:29:42,276 - INFO - Successfully input PRN: 124A1097
2025-08-23 18:29:42,577 - INFO - Iteration 224/300: Processing PRN 124A1098
2025-08-23 18:29:42,577 - INFO - Inputting PRN: 124A1098
2025-08-23 18:29:43,557 - INFO - Successfully input PRN: 124A1098
2025-08-23 18:29:43,858 - INFO - Iteration 225/300: Processing PRN 124A1099
2025-08-23 18:29:43,858 - INFO - Inputting PRN: 124A1099
2025-08-23 18:29:44,811 - INFO - Successfully input PRN: 124A1099
2025-08-23 18:29:45,111 - INFO - Iteration 226/300: Processing PRN 124A1100
2025-08-23 18:29:45,112 - INFO - Inputting PRN: 124A1100
2025-08-23 18:29:46,076 - INFO - Successfully input PRN: 124A1100
2025-08-23 18:29:46,430 - INFO - Iteration 227/300: Processing PRN 124A1101
2025-08-23 18:29:46,480 - INFO - Inputting PRN: 124A1101
2025-08-23 18:29:47,660 - INFO - Successfully input PRN: 124A1101
2025-08-23 18:29:47,961 - INFO - Iteration 228/300: Processing PRN 124A1102
2025-08-23 18:29:47,961 - INFO - Inputting PRN: 124A1102
2025-08-23 18:29:48,952 - INFO - Successfully input PRN: 124A1102
2025-08-23 18:29:49,254 - INFO - Iteration 229/300: Processing PRN 124A1103
2025-08-23 18:29:49,254 - INFO - Inputting PRN: 124A1103
2025-08-23 18:29:50,356 - INFO - Successfully input PRN: 124A1103
2025-08-23 18:29:50,657 - INFO - Iteration 230/300: Processing PRN 124A1104
2025-08-23 18:29:50,657 - INFO - Inputting PRN: 124A1104
2025-08-23 18:29:51,674 - INFO - Successfully input PRN: 124A1104
2025-08-23 18:29:51,975 - INFO - Iteration 231/300: Processing PRN 124A1105
2025-08-23 18:29:51,975 - INFO - Inputting PRN: 124A1105
2025-08-23 18:29:52,984 - INFO - Successfully input PRN: 124A1105
2025-08-23 18:29:53,285 - INFO - Iteration 232/300: Processing PRN 124A1106
2025-08-23 18:29:53,285 - INFO - Inputting PRN: 124A1106
2025-08-23 18:29:54,245 - INFO - Successfully input PRN: 124A1106
2025-08-23 18:29:54,546 - INFO - Iteration 233/300: Processing PRN 124A1107
2025-08-23 18:29:54,547 - INFO - Inputting PRN: 124A1107
2025-08-23 18:29:55,516 - INFO - Successfully input PRN: 124A1107
2025-08-23 18:29:55,817 - INFO - Iteration 234/300: Processing PRN 124A1108
2025-08-23 18:29:55,818 - INFO - Inputting PRN: 124A1108
2025-08-23 18:29:56,775 - INFO - Successfully input PRN: 124A1108
2025-08-23 18:29:57,076 - INFO - Iteration 235/300: Processing PRN 124A1109
2025-08-23 18:29:57,076 - INFO - Inputting PRN: 124A1109
2025-08-23 18:29:58,041 - INFO - Successfully input PRN: 124A1109
2025-08-23 18:29:58,341 - INFO - Iteration 236/300: Processing PRN 124A1110
2025-08-23 18:29:58,342 - INFO - Inputting PRN: 124A1110
2025-08-23 18:29:59,294 - INFO - Successfully input PRN: 124A1110
2025-08-23 18:29:59,595 - INFO - Iteration 237/300: Processing PRN 124A1111
2025-08-23 18:29:59,595 - INFO - Inputting PRN: 124A1111
2025-08-23 18:30:00,548 - INFO - Successfully input PRN: 124A1111
2025-08-23 18:30:00,850 - INFO - Iteration 238/300: Processing PRN 124A1112
2025-08-23 18:30:00,850 - INFO - Inputting PRN: 124A1112
2025-08-23 18:30:01,774 - INFO - Successfully input PRN: 124A1112
2025-08-23 18:30:02,075 - INFO - Iteration 239/300: Processing PRN 124A1113
2025-08-23 18:30:02,075 - INFO - Inputting PRN: 124A1113
2025-08-23 18:30:03,045 - INFO - Successfully input PRN: 124A1113
2025-08-23 18:30:03,352 - INFO - Iteration 240/300: Processing PRN 124A1114
2025-08-23 18:30:03,353 - INFO - Inputting PRN: 124A1114
2025-08-23 18:30:04,330 - INFO - Successfully input PRN: 124A1114
2025-08-23 18:30:04,633 - INFO - Iteration 241/300: Processing PRN 124A1115
2025-08-23 18:30:04,633 - INFO - Inputting PRN: 124A1115
2025-08-23 18:30:05,590 - INFO - Successfully input PRN: 124A1115
2025-08-23 18:30:05,891 - INFO - Iteration 242/300: Processing PRN 124A1116
2025-08-23 18:30:05,891 - INFO - Inputting PRN: 124A1116
2025-08-23 18:30:06,875 - INFO - Successfully input PRN: 124A1116
2025-08-23 18:30:07,176 - INFO - Iteration 243/300: Processing PRN 124A1117
2025-08-23 18:30:07,176 - INFO - Inputting PRN: 124A1117
2025-08-23 18:30:08,194 - INFO - Successfully input PRN: 124A1117
2025-08-23 18:30:08,537 - INFO - Iteration 244/300: Processing PRN 124A1118
2025-08-23 18:30:08,537 - INFO - Inputting PRN: 124A1118
2025-08-23 18:30:09,506 - INFO - Successfully input PRN: 124A1118
2025-08-23 18:30:09,808 - INFO - Iteration 245/300: Processing PRN 124A1119
2025-08-23 18:30:09,808 - INFO - Inputting PRN: 124A1119
2025-08-23 18:30:10,771 - INFO - Successfully input PRN: 124A1119
2025-08-23 18:30:11,072 - INFO - Iteration 246/300: Processing PRN 124A1120
2025-08-23 18:30:11,072 - INFO - Inputting PRN: 124A1120
2025-08-23 18:30:12,039 - INFO - Successfully input PRN: 124A1120
2025-08-23 18:30:12,340 - INFO - Iteration 247/300: Processing PRN 124A1121
2025-08-23 18:30:12,340 - INFO - Inputting PRN: 124A1121
2025-08-23 18:30:13,290 - INFO - Successfully input PRN: 124A1121
2025-08-23 18:30:13,591 - INFO - Iteration 248/300: Processing PRN 124A1122
2025-08-23 18:30:13,592 - INFO - Inputting PRN: 124A1122
2025-08-23 18:30:14,674 - INFO - Successfully input PRN: 124A1122
2025-08-23 18:30:14,975 - INFO - Iteration 249/300: Processing PRN 124A1123
2025-08-23 18:30:14,976 - INFO - Inputting PRN: 124A1123
2025-08-23 18:30:15,946 - INFO - Successfully input PRN: 124A1123
2025-08-23 18:30:16,247 - INFO - Iteration 250/300: Processing PRN 124A1124
2025-08-23 18:30:16,247 - INFO - Inputting PRN: 124A1124
2025-08-23 18:30:17,211 - INFO - Successfully input PRN: 124A1124
2025-08-23 18:30:17,512 - INFO - Iteration 251/300: Processing PRN 124A1125
2025-08-23 18:30:17,512 - INFO - Inputting PRN: 124A1125
2025-08-23 18:30:18,476 - INFO - Successfully input PRN: 124A1125
2025-08-23 18:30:18,776 - INFO - Iteration 252/300: Processing PRN 124A1126
2025-08-23 18:30:18,776 - INFO - Inputting PRN: 124A1126
2025-08-23 18:30:19,735 - INFO - Successfully input PRN: 124A1126
2025-08-23 18:30:20,036 - INFO - Iteration 253/300: Processing PRN 124A1127
2025-08-23 18:30:20,037 - INFO - Inputting PRN: 124A1127
2025-08-23 18:30:21,017 - INFO - Successfully input PRN: 124A1127
2025-08-23 18:30:21,318 - INFO - Iteration 254/300: Processing PRN 124A1128
2025-08-23 18:30:21,318 - INFO - Inputting PRN: 124A1128
2025-08-23 18:30:22,272 - INFO - Successfully input PRN: 124A1128
2025-08-23 18:30:22,573 - INFO - Iteration 255/300: Processing PRN 124A1129
2025-08-23 18:30:22,573 - INFO - Inputting PRN: 124A1129
2025-08-23 18:30:23,522 - INFO - Successfully input PRN: 124A1129
2025-08-23 18:30:23,822 - INFO - Iteration 256/300: Processing PRN 124A1130
2025-08-23 18:30:23,822 - INFO - Inputting PRN: 124A1130
2025-08-23 18:30:24,787 - INFO - Successfully input PRN: 124A1130
2025-08-23 18:30:25,088 - INFO - Iteration 257/300: Processing PRN 124A1131
2025-08-23 18:30:25,088 - INFO - Inputting PRN: 124A1131
2025-08-23 18:30:26,032 - INFO - Successfully input PRN: 124A1131
2025-08-23 18:30:26,332 - INFO - Iteration 258/300: Processing PRN 124A1132
2025-08-23 18:30:26,332 - INFO - Inputting PRN: 124A1132
2025-08-23 18:30:27,292 - INFO - Successfully input PRN: 124A1132
2025-08-23 18:30:27,595 - INFO - Iteration 259/300: Processing PRN 124A1133
2025-08-23 18:30:27,597 - INFO - Inputting PRN: 124A1133
2025-08-23 18:30:28,579 - INFO - Successfully input PRN: 124A1133
2025-08-23 18:30:28,880 - INFO - Iteration 260/300: Processing PRN 124A1134
2025-08-23 18:30:28,881 - INFO - Inputting PRN: 124A1134
2025-08-23 18:30:29,851 - INFO - Successfully input PRN: 124A1134
2025-08-23 18:30:30,152 - INFO - Iteration 261/300: Processing PRN 124A1135
2025-08-23 18:30:30,152 - INFO - Inputting PRN: 124A1135
2025-08-23 18:30:31,108 - INFO - Successfully input PRN: 124A1135
2025-08-23 18:30:31,409 - INFO - Iteration 262/300: Processing PRN 124A1136
2025-08-23 18:30:31,410 - INFO - Inputting PRN: 124A1136
2025-08-23 18:30:32,331 - INFO - Successfully input PRN: 124A1136
2025-08-23 18:30:32,632 - INFO - Iteration 263/300: Processing PRN 124A1137
2025-08-23 18:30:32,633 - INFO - Inputting PRN: 124A1137
2025-08-23 18:30:33,615 - INFO - Successfully input PRN: 124A1137
2025-08-23 18:30:33,916 - INFO - Iteration 264/300: Processing PRN 124A1138
2025-08-23 18:30:33,916 - INFO - Inputting PRN: 124A1138
2025-08-23 18:30:34,847 - INFO - Successfully input PRN: 124A1138
2025-08-23 18:30:35,148 - INFO - Iteration 265/300: Processing PRN 124A1139
2025-08-23 18:30:35,151 - INFO - Inputting PRN: 124A1139
2025-08-23 18:30:36,129 - INFO - Successfully input PRN: 124A1139
2025-08-23 18:30:36,430 - INFO - Iteration 266/300: Processing PRN 124A1140
2025-08-23 18:30:36,430 - INFO - Inputting PRN: 124A1140
2025-08-23 18:30:37,391 - INFO - Successfully input PRN: 124A1140
2025-08-23 18:30:37,692 - INFO - Iteration 267/300: Processing PRN 124A1141
2025-08-23 18:30:37,692 - INFO - Inputting PRN: 124A1141
2025-08-23 18:30:38,658 - INFO - Successfully input PRN: 124A1141
2025-08-23 18:30:38,960 - INFO - Iteration 268/300: Processing PRN 124A1142
2025-08-23 18:30:38,961 - INFO - Inputting PRN: 124A1142
2025-08-23 18:30:39,891 - INFO - Successfully input PRN: 124A1142
2025-08-23 18:30:40,192 - INFO - Iteration 269/300: Processing PRN 124A1143
2025-08-23 18:30:40,193 - INFO - Inputting PRN: 124A1143
2025-08-23 18:30:41,232 - INFO - Successfully input PRN: 124A1143
2025-08-23 18:30:41,532 - INFO - Iteration 270/300: Processing PRN 124A1144
2025-08-23 18:30:41,533 - INFO - Inputting PRN: 124A1144
2025-08-23 18:30:42,493 - INFO - Successfully input PRN: 124A1144
2025-08-23 18:30:42,795 - INFO - Iteration 271/300: Processing PRN 124A1145
2025-08-23 18:30:42,795 - INFO - Inputting PRN: 124A1145
2025-08-23 18:30:43,717 - INFO - Successfully input PRN: 124A1145
2025-08-23 18:30:44,018 - INFO - Iteration 272/300: Processing PRN 124A1146
2025-08-23 18:30:44,018 - INFO - Inputting PRN: 124A1146
2025-08-23 18:30:44,981 - INFO - Successfully input PRN: 124A1146
2025-08-23 18:30:45,282 - INFO - Iteration 273/300: Processing PRN 124A1147
2025-08-23 18:30:45,283 - INFO - Inputting PRN: 124A1147
2025-08-23 18:30:46,264 - INFO - Successfully input PRN: 124A1147
2025-08-23 18:30:46,565 - INFO - Iteration 274/300: Processing PRN 124A1148
2025-08-23 18:30:46,565 - INFO - Inputting PRN: 124A1148
2025-08-23 18:30:47,520 - INFO - Successfully input PRN: 124A1148
2025-08-23 18:30:47,821 - INFO - Iteration 275/300: Processing PRN 124A1149
2025-08-23 18:30:47,821 - INFO - Inputting PRN: 124A1149
2025-08-23 18:30:48,774 - INFO - Successfully input PRN: 124A1149
2025-08-23 18:30:49,080 - INFO - Iteration 276/300: Processing PRN 124A1150
2025-08-23 18:30:49,081 - INFO - Inputting PRN: 124A1150
2025-08-23 18:30:50,088 - INFO - Successfully input PRN: 124A1150
2025-08-23 18:30:50,388 - INFO - Iteration 277/300: Processing PRN 124A1151
2025-08-23 18:30:50,389 - INFO - Inputting PRN: 124A1151
2025-08-23 18:30:51,482 - INFO - Successfully input PRN: 124A1151
2025-08-23 18:30:51,795 - INFO - Iteration 278/300: Processing PRN 124A1152
2025-08-23 18:30:51,796 - INFO - Inputting PRN: 124A1152
2025-08-23 18:30:52,798 - INFO - Successfully input PRN: 124A1152
2025-08-23 18:30:53,104 - INFO - Iteration 279/300: Processing PRN 124A1153
2025-08-23 18:30:53,116 - INFO - Inputting PRN: 124A1153
2025-08-23 18:30:54,139 - INFO - Successfully input PRN: 124A1153
2025-08-23 18:30:54,440 - INFO - Iteration 280/300: Processing PRN 124A1154
2025-08-23 18:30:54,446 - INFO - Inputting PRN: 124A1154
2025-08-23 18:30:55,567 - INFO - Successfully input PRN: 124A1154
2025-08-23 18:30:55,868 - INFO - Iteration 281/300: Processing PRN 124A1155
2025-08-23 18:30:55,868 - INFO - Inputting PRN: 124A1155
2025-08-23 18:30:56,948 - INFO - Successfully input PRN: 124A1155
2025-08-23 18:30:57,265 - INFO - Iteration 282/300: Processing PRN 124A1156
2025-08-23 18:30:57,266 - INFO - Inputting PRN: 124A1156
2025-08-23 18:30:58,445 - INFO - Successfully input PRN: 124A1156
2025-08-23 18:30:58,746 - INFO - Iteration 283/300: Processing PRN 124A1157
2025-08-23 18:30:58,747 - INFO - Inputting PRN: 124A1157
2025-08-23 18:30:59,784 - INFO - Successfully input PRN: 124A1157
2025-08-23 18:31:00,085 - INFO - Iteration 284/300: Processing PRN 124A1158
2025-08-23 18:31:00,085 - INFO - Inputting PRN: 124A1158
2025-08-23 18:31:01,151 - INFO - Successfully input PRN: 124A1158
2025-08-23 18:31:01,452 - INFO - Iteration 285/300: Processing PRN 124A1159
2025-08-23 18:31:01,453 - INFO - Inputting PRN: 124A1159
2025-08-23 18:31:02,651 - INFO - Successfully input PRN: 124A1159
2025-08-23 18:31:02,968 - INFO - Iteration 286/300: Processing PRN 124A1160
2025-08-23 18:31:02,970 - INFO - Inputting PRN: 124A1160
2025-08-23 18:31:04,071 - INFO - Successfully input PRN: 124A1160
2025-08-23 18:31:04,396 - INFO - Iteration 287/300: Processing PRN 124A1161
2025-08-23 18:31:04,404 - INFO - Inputting PRN: 124A1161
2025-08-23 18:31:05,473 - INFO - Successfully input PRN: 124A1161
2025-08-23 18:31:05,776 - INFO - Iteration 288/300: Processing PRN 124A1162
2025-08-23 18:31:05,777 - INFO - Inputting PRN: 124A1162
2025-08-23 18:31:06,834 - INFO - Successfully input PRN: 124A1162
2025-08-23 18:31:07,151 - INFO - Iteration 289/300: Processing PRN 124A1163
2025-08-23 18:31:07,163 - INFO - Inputting PRN: 124A1163
2025-08-23 18:31:09,117 - INFO - Successfully input PRN: 124A1163
2025-08-23 18:31:09,418 - INFO - Iteration 290/300: Processing PRN 124A1164
2025-08-23 18:31:09,418 - INFO - Inputting PRN: 124A1164
2025-08-23 18:31:10,541 - INFO - Successfully input PRN: 124A1164
2025-08-23 18:31:10,844 - INFO - Iteration 291/300: Processing PRN 124A1165
2025-08-23 18:31:10,845 - INFO - Inputting PRN: 124A1165
2025-08-23 18:31:11,844 - INFO - Successfully input PRN: 124A1165
2025-08-23 18:31:12,145 - INFO - Iteration 292/300: Processing PRN 124A1166
2025-08-23 18:31:12,145 - INFO - Inputting PRN: 124A1166
2025-08-23 18:31:13,140 - INFO - Successfully input PRN: 124A1166
2025-08-23 18:31:13,443 - INFO - Iteration 293/300: Processing PRN 124A1167
2025-08-23 18:31:13,444 - INFO - Inputting PRN: 124A1167
2025-08-23 18:31:14,425 - INFO - Successfully input PRN: 124A1167
2025-08-23 18:31:14,728 - INFO - Iteration 294/300: Processing PRN 124A1168
2025-08-23 18:31:14,728 - INFO - Inputting PRN: 124A1168
2025-08-23 18:31:15,763 - INFO - Successfully input PRN: 124A1168
2025-08-23 18:31:16,064 - INFO - Iteration 295/300: Processing PRN 124A1169
2025-08-23 18:31:16,065 - INFO - Inputting PRN: 124A1169
2025-08-23 18:31:17,185 - INFO - Successfully input PRN: 124A1169
2025-08-23 18:31:17,486 - INFO - Iteration 296/300: Processing PRN 124A1170
2025-08-23 18:31:17,486 - INFO - Inputting PRN: 124A1170
2025-08-23 18:31:18,502 - INFO - Successfully input PRN: 124A1170
2025-08-23 18:31:18,803 - INFO - Iteration 297/300: Processing PRN 124A1171
2025-08-23 18:31:18,803 - INFO - Inputting PRN: 124A1171
2025-08-23 18:31:19,827 - INFO - Successfully input PRN: 124A1171
2025-08-23 18:31:20,133 - INFO - Iteration 298/300: Processing PRN 124A1172
2025-08-23 18:31:20,133 - INFO - Inputting PRN: 124A1172
2025-08-23 18:31:21,144 - INFO - Successfully input PRN: 124A1172
2025-08-23 18:31:21,445 - INFO - Iteration 299/300: Processing PRN 124A1173
2025-08-23 18:31:21,445 - INFO - Inputting PRN: 124A1173
2025-08-23 18:31:22,399 - INFO - Successfully input PRN: 124A1173
2025-08-23 18:31:22,700 - INFO - Iteration 300/300: Processing PRN 124A1174
2025-08-23 18:31:22,700 - INFO - Inputting PRN: 124A1174
2025-08-23 18:31:23,649 - INFO - Successfully input PRN: 124A1174
2025-08-23 18:31:23,950 - INFO - Automation cycle completed
2025-08-23 18:31:23,951 - INFO - Waiting 20 seconds before next cycle...
2025-08-23 18:31:44,012 - INFO - === Starting Cycle 2 ===
2025-08-23 20:22:53,134 - INFO - Exiting automation
2025-08-23 20:22:53,272 - INFO - MongoDB connection closed
2025-08-23 20:22:53,272 - INFO - MongoDB connection closed
