2025-08-23 18:04:55,543 - INFO - Connected to MongoDB database: libraryDB
2025-08-23 18:04:55,544 - INFO - Using collection: fe_students
2025-08-23 18:04:55,574 - INFO - Fetched 1967 PRN numbers from database
2025-08-23 18:04:55,579 - INFO - Starting continuous PRN automation
2025-08-23 18:04:55,579 - INFO - Move mouse to top-left corner to stop the automation
2025-08-23 18:04:55,580 - INFO - === Starting Cycle 1 ===
2025-08-23 18:05:04,810 - INFO - Starting automation cycle with 150 iterations
2025-08-23 18:05:04,812 - INFO - Iteration 1/150: Processing PRN 124A2001
2025-08-23 18:05:04,812 - INFO - Inputting PRN: 124A2001
2025-08-23 18:05:05,807 - INFO - Successfully input PRN: 124A2001
2025-08-23 18:05:06,110 - INFO - Iteration 2/150: Processing PRN 124A2002
2025-08-23 18:05:06,110 - INFO - Inputting PRN: 124A2002
2025-08-23 18:05:07,062 - INFO - Successfully input PRN: 124A2002
2025-08-23 18:05:07,363 - INFO - Iteration 3/150: Processing PRN 124A2003
2025-08-23 18:05:07,363 - INFO - Inputting PRN: 124A2003
2025-08-23 18:05:08,323 - INFO - Successfully input PRN: 124A2003
2025-08-23 18:05:08,623 - INFO - Iteration 4/150: Processing PRN 124A2004
2025-08-23 18:05:08,624 - INFO - Inputting PRN: 124A2004
2025-08-23 18:05:09,578 - INFO - Successfully input PRN: 124A2004
2025-08-23 18:05:09,880 - INFO - Iteration 5/150: Processing PRN 124A2005
2025-08-23 18:05:09,881 - INFO - Inputting PRN: 124A2005
2025-08-23 18:05:10,821 - INFO - Successfully input PRN: 124A2005
2025-08-23 18:05:11,122 - INFO - Iteration 6/150: Processing PRN 124A2006
2025-08-23 18:05:11,123 - INFO - Inputting PRN: 124A2006
2025-08-23 18:05:12,069 - INFO - Successfully input PRN: 124A2006
2025-08-23 18:05:12,371 - INFO - Iteration 7/150: Processing PRN 124A2007
2025-08-23 18:05:12,371 - INFO - Inputting PRN: 124A2007
2025-08-23 18:05:13,330 - INFO - Successfully input PRN: 124A2007
2025-08-23 18:05:13,630 - INFO - Iteration 8/150: Processing PRN 124A2008
2025-08-23 18:05:13,631 - INFO - Inputting PRN: 124A2008
2025-08-23 18:05:14,586 - INFO - Successfully input PRN: 124A2008
2025-08-23 18:05:14,886 - INFO - Iteration 9/150: Processing PRN 124A2009
2025-08-23 18:05:14,891 - INFO - Inputting PRN: 124A2009
2025-08-23 18:05:16,080 - INFO - Successfully input PRN: 124A2009
2025-08-23 18:05:16,381 - INFO - Iteration 10/150: Processing PRN 124A2010
2025-08-23 18:05:16,381 - INFO - Inputting PRN: 124A2010
2025-08-23 18:05:17,355 - INFO - Successfully input PRN: 124A2010
2025-08-23 18:05:17,656 - INFO - Iteration 11/150: Processing PRN 124A2011
2025-08-23 18:05:17,657 - INFO - Inputting PRN: 124A2011
2025-08-23 18:05:18,600 - INFO - Successfully input PRN: 124A2011
2025-08-23 18:05:18,901 - INFO - Iteration 12/150: Processing PRN 124A2012
2025-08-23 18:05:18,901 - INFO - Inputting PRN: 124A2012
2025-08-23 18:05:19,915 - INFO - Successfully input PRN: 124A2012
2025-08-23 18:05:20,216 - INFO - Iteration 13/150: Processing PRN 124A2013
2025-08-23 18:05:20,216 - INFO - Inputting PRN: 124A2013
2025-08-23 18:05:21,194 - INFO - Successfully input PRN: 124A2013
2025-08-23 18:05:21,494 - INFO - Iteration 14/150: Processing PRN 124A2014
2025-08-23 18:05:21,495 - INFO - Inputting PRN: 124A2014
2025-08-23 18:05:22,462 - INFO - Successfully input PRN: 124A2014
2025-08-23 18:05:22,762 - INFO - Iteration 15/150: Processing PRN 124A2015
2025-08-23 18:05:22,763 - INFO - Inputting PRN: 124A2015
2025-08-23 18:05:23,715 - INFO - Successfully input PRN: 124A2015
2025-08-23 18:05:24,016 - INFO - Iteration 16/150: Processing PRN 124A2016
2025-08-23 18:05:24,017 - INFO - Inputting PRN: 124A2016
2025-08-23 18:05:24,980 - INFO - Successfully input PRN: 124A2016
2025-08-23 18:05:25,281 - INFO - Iteration 17/150: Processing PRN 124A2017
2025-08-23 18:05:25,281 - INFO - Inputting PRN: 124A2017
2025-08-23 18:05:26,236 - INFO - Successfully input PRN: 124A2017
2025-08-23 18:05:26,537 - INFO - Iteration 18/150: Processing PRN 124A2018
2025-08-23 18:05:26,538 - INFO - Inputting PRN: 124A2018
2025-08-23 18:05:27,484 - INFO - Successfully input PRN: 124A2018
2025-08-23 18:05:27,785 - INFO - Iteration 19/150: Processing PRN 124A2019
2025-08-23 18:05:27,786 - INFO - Inputting PRN: 124A2019
2025-08-23 18:05:28,721 - INFO - Successfully input PRN: 124A2019
2025-08-23 18:05:29,022 - INFO - Iteration 20/150: Processing PRN 124A2020
2025-08-23 18:05:29,022 - INFO - Inputting PRN: 124A2020
2025-08-23 18:05:29,981 - INFO - Successfully input PRN: 124A2020
2025-08-23 18:05:30,281 - INFO - Iteration 21/150: Processing PRN 124A2021
2025-08-23 18:05:30,282 - INFO - Inputting PRN: 124A2021
2025-08-23 18:05:31,250 - INFO - Successfully input PRN: 124A2021
2025-08-23 18:05:31,551 - INFO - Iteration 22/150: Processing PRN 124A2022
2025-08-23 18:05:31,551 - INFO - Inputting PRN: 124A2022
2025-08-23 18:05:32,502 - INFO - Successfully input PRN: 124A2022
2025-08-23 18:05:32,803 - INFO - Iteration 23/150: Processing PRN 124A2023
2025-08-23 18:05:32,804 - INFO - Inputting PRN: 124A2023
2025-08-23 18:05:33,756 - INFO - Successfully input PRN: 124A2023
2025-08-23 18:05:34,057 - INFO - Iteration 24/150: Processing PRN 124A2024
2025-08-23 18:05:34,058 - INFO - Inputting PRN: 124A2024
2025-08-23 18:05:35,041 - INFO - Successfully input PRN: 124A2024
2025-08-23 18:05:35,342 - INFO - Iteration 25/150: Processing PRN 124A2025
2025-08-23 18:05:35,342 - INFO - Inputting PRN: 124A2025
2025-08-23 18:05:36,289 - INFO - Successfully input PRN: 124A2025
2025-08-23 18:05:36,591 - INFO - Iteration 26/150: Processing PRN 124A2026
2025-08-23 18:05:36,592 - INFO - Inputting PRN: 124A2026
2025-08-23 18:05:37,550 - INFO - Successfully input PRN: 124A2026
2025-08-23 18:05:37,853 - INFO - Iteration 27/150: Processing PRN 124A2027
2025-08-23 18:05:37,854 - INFO - Inputting PRN: 124A2027
2025-08-23 18:05:38,824 - INFO - Successfully input PRN: 124A2027
2025-08-23 18:05:39,126 - INFO - Iteration 28/150: Processing PRN 124A2028
2025-08-23 18:05:39,126 - INFO - Inputting PRN: 124A2028
2025-08-23 18:05:40,087 - INFO - Successfully input PRN: 124A2028
2025-08-23 18:05:40,388 - INFO - Iteration 29/150: Processing PRN 124A2029
2025-08-23 18:05:40,388 - INFO - Inputting PRN: 124A2029
2025-08-23 18:05:41,347 - INFO - Successfully input PRN: 124A2029
2025-08-23 18:05:41,712 - INFO - Iteration 30/150: Processing PRN 124A2030
2025-08-23 18:05:41,732 - INFO - Inputting PRN: 124A2030
2025-08-23 18:05:42,803 - INFO - Successfully input PRN: 124A2030
2025-08-23 18:05:43,104 - INFO - Iteration 31/150: Processing PRN 124A2031
2025-08-23 18:05:43,104 - INFO - Inputting PRN: 124A2031
2025-08-23 18:05:44,072 - INFO - Successfully input PRN: 124A2031
2025-08-23 18:05:44,373 - INFO - Iteration 32/150: Processing PRN 124A2032
2025-08-23 18:05:44,373 - INFO - Inputting PRN: 124A2032
2025-08-23 18:05:45,330 - INFO - Successfully input PRN: 124A2032
2025-08-23 18:05:45,630 - INFO - Iteration 33/150: Processing PRN 124A2033
2025-08-23 18:05:45,631 - INFO - Inputting PRN: 124A2033
2025-08-23 18:05:46,577 - INFO - Successfully input PRN: 124A2033
2025-08-23 18:05:46,878 - INFO - Iteration 34/150: Processing PRN 124A2034
2025-08-23 18:05:46,878 - INFO - Inputting PRN: 124A2034
2025-08-23 18:05:47,876 - INFO - Successfully input PRN: 124A2034
2025-08-23 18:05:48,177 - INFO - Iteration 35/150: Processing PRN 124A2035
2025-08-23 18:05:48,177 - INFO - Inputting PRN: 124A2035
2025-08-23 18:05:49,160 - INFO - Successfully input PRN: 124A2035
2025-08-23 18:05:49,460 - INFO - Iteration 36/150: Processing PRN 124A2036
2025-08-23 18:05:49,461 - INFO - Inputting PRN: 124A2036
2025-08-23 18:05:50,420 - INFO - Successfully input PRN: 124A2036
2025-08-23 18:05:50,721 - INFO - Iteration 37/150: Processing PRN 124A2037
2025-08-23 18:05:50,721 - INFO - Inputting PRN: 124A2037
2025-08-23 18:05:51,677 - INFO - Successfully input PRN: 124A2037
2025-08-23 18:05:51,978 - INFO - Iteration 38/150: Processing PRN 124A2038
2025-08-23 18:05:51,978 - INFO - Inputting PRN: 124A2038
2025-08-23 18:05:52,930 - INFO - Successfully input PRN: 124A2038
2025-08-23 18:05:53,231 - INFO - Iteration 39/150: Processing PRN 124A2039
2025-08-23 18:05:53,233 - INFO - Inputting PRN: 124A2039
2025-08-23 18:05:54,159 - INFO - Successfully input PRN: 124A2039
2025-08-23 18:05:54,460 - INFO - Iteration 40/150: Processing PRN 124A2040
2025-08-23 18:05:54,460 - INFO - Inputting PRN: 124A2040
2025-08-23 18:05:55,426 - INFO - Successfully input PRN: 124A2040
2025-08-23 18:05:55,727 - INFO - Iteration 41/150: Processing PRN 124A2041
2025-08-23 18:05:55,727 - INFO - Inputting PRN: 124A2041
2025-08-23 18:05:56,665 - INFO - Successfully input PRN: 124A2041
2025-08-23 18:05:56,968 - INFO - Iteration 42/150: Processing PRN 124A2042
2025-08-23 18:05:56,968 - INFO - Inputting PRN: 124A2042
2025-08-23 18:05:57,938 - INFO - Successfully input PRN: 124A2042
2025-08-23 18:05:58,241 - INFO - Iteration 43/150: Processing PRN 124A2043
2025-08-23 18:05:58,241 - INFO - Inputting PRN: 124A2043
2025-08-23 18:05:59,186 - INFO - Successfully input PRN: 124A2043
2025-08-23 18:05:59,489 - INFO - Iteration 44/150: Processing PRN 124A2044
2025-08-23 18:05:59,489 - INFO - Inputting PRN: 124A2044
2025-08-23 18:06:00,462 - INFO - Successfully input PRN: 124A2044
2025-08-23 18:06:00,763 - INFO - Iteration 45/150: Processing PRN 124A2045
2025-08-23 18:06:00,764 - INFO - Inputting PRN: 124A2045
2025-08-23 18:06:01,728 - INFO - Successfully input PRN: 124A2045
2025-08-23 18:06:02,028 - INFO - Iteration 46/150: Processing PRN 124A2046
2025-08-23 18:06:02,029 - INFO - Inputting PRN: 124A2046
2025-08-23 18:06:03,095 - INFO - Successfully input PRN: 124A2046
2025-08-23 18:06:03,427 - INFO - Iteration 47/150: Processing PRN 124A2047
2025-08-23 18:06:03,428 - INFO - Inputting PRN: 124A2047
2025-08-23 18:06:04,414 - INFO - Successfully input PRN: 124A2047
2025-08-23 18:06:04,716 - INFO - Iteration 48/150: Processing PRN 124A2048
2025-08-23 18:06:04,716 - INFO - Inputting PRN: 124A2048
2025-08-23 18:06:05,647 - INFO - Successfully input PRN: 124A2048
2025-08-23 18:06:05,948 - INFO - Iteration 49/150: Processing PRN 124A2049
2025-08-23 18:06:05,949 - INFO - Inputting PRN: 124A2049
2025-08-23 18:06:06,911 - INFO - Successfully input PRN: 124A2049
2025-08-23 18:06:07,212 - INFO - Iteration 50/150: Processing PRN 124A2050
2025-08-23 18:06:07,213 - INFO - Inputting PRN: 124A2050
2025-08-23 18:06:08,173 - INFO - Successfully input PRN: 124A2050
2025-08-23 18:06:08,474 - INFO - Iteration 51/150: Processing PRN 124A2051
2025-08-23 18:06:08,475 - INFO - Inputting PRN: 124A2051
2025-08-23 18:06:09,496 - INFO - Successfully input PRN: 124A2051
2025-08-23 18:06:09,796 - INFO - Iteration 52/150: Processing PRN 124A2052
2025-08-23 18:06:09,799 - INFO - Inputting PRN: 124A2052
2025-08-23 18:06:10,761 - INFO - Successfully input PRN: 124A2052
2025-08-23 18:06:11,062 - INFO - Iteration 53/150: Processing PRN 124A2053
2025-08-23 18:06:11,062 - INFO - Inputting PRN: 124A2053
2025-08-23 18:06:12,026 - INFO - Successfully input PRN: 124A2053
2025-08-23 18:06:12,327 - INFO - Iteration 54/150: Processing PRN 124A2054
2025-08-23 18:06:12,327 - INFO - Inputting PRN: 124A2054
2025-08-23 18:06:13,291 - INFO - Successfully input PRN: 124A2054
2025-08-23 18:06:13,591 - INFO - Iteration 55/150: Processing PRN 124A2055
2025-08-23 18:06:13,592 - INFO - Inputting PRN: 124A2055
2025-08-23 18:06:14,551 - INFO - Successfully input PRN: 124A2055
2025-08-23 18:06:14,854 - INFO - Iteration 56/150: Processing PRN 124A2056
2025-08-23 18:06:14,855 - INFO - Inputting PRN: 124A2056
2025-08-23 18:06:15,822 - INFO - Successfully input PRN: 124A2056
2025-08-23 18:06:16,123 - INFO - Iteration 57/150: Processing PRN 124A2057
2025-08-23 18:06:16,123 - INFO - Inputting PRN: 124A2057
2025-08-23 18:06:17,080 - INFO - Successfully input PRN: 124A2057
2025-08-23 18:06:17,381 - INFO - Iteration 58/150: Processing PRN 124A2058
2025-08-23 18:06:17,382 - INFO - Inputting PRN: 124A2058
2025-08-23 18:06:18,338 - INFO - Successfully input PRN: 124A2058
2025-08-23 18:06:18,639 - INFO - Iteration 59/150: Processing PRN 124A2059
2025-08-23 18:06:18,639 - INFO - Inputting PRN: 124A2059
2025-08-23 18:06:19,595 - INFO - Successfully input PRN: 124A2059
2025-08-23 18:06:19,900 - INFO - Iteration 60/150: Processing PRN 124A2060
2025-08-23 18:06:19,901 - INFO - Inputting PRN: 124A2060
2025-08-23 18:06:20,917 - INFO - Successfully input PRN: 124A2060
2025-08-23 18:06:21,218 - INFO - Iteration 61/150: Processing PRN 124A2061
2025-08-23 18:06:21,218 - INFO - Inputting PRN: 124A2061
2025-08-23 18:06:22,193 - INFO - Successfully input PRN: 124A2061
2025-08-23 18:06:22,494 - INFO - Iteration 62/150: Processing PRN 124A2062
2025-08-23 18:06:22,494 - INFO - Inputting PRN: 124A2062
2025-08-23 18:06:23,462 - INFO - Successfully input PRN: 124A2062
2025-08-23 18:06:23,763 - INFO - Iteration 63/150: Processing PRN 124A2063
2025-08-23 18:06:23,764 - INFO - Inputting PRN: 124A2063
2025-08-23 18:06:24,724 - INFO - Successfully input PRN: 124A2063
2025-08-23 18:06:25,025 - INFO - Iteration 64/150: Processing PRN 124A7001
2025-08-23 18:06:25,026 - INFO - Inputting PRN: 124A7001
2025-08-23 18:06:25,974 - INFO - Successfully input PRN: 124A7001
2025-08-23 18:06:26,275 - INFO - Iteration 65/150: Processing PRN 124A7002
2025-08-23 18:06:26,275 - INFO - Inputting PRN: 124A7002
2025-08-23 18:06:27,224 - INFO - Successfully input PRN: 124A7002
2025-08-23 18:06:27,525 - INFO - Iteration 66/150: Processing PRN 124A7003
2025-08-23 18:06:27,525 - INFO - Inputting PRN: 124A7003
2025-08-23 18:06:28,474 - INFO - Successfully input PRN: 124A7003
2025-08-23 18:06:28,775 - INFO - Iteration 67/150: Processing PRN 124A7004
2025-08-23 18:06:28,776 - INFO - Inputting PRN: 124A7004
2025-08-23 18:06:29,726 - INFO - Successfully input PRN: 124A7004
2025-08-23 18:06:30,034 - INFO - Iteration 68/150: Processing PRN 124A7005
2025-08-23 18:06:30,048 - INFO - Inputting PRN: 124A7005
2025-08-23 18:06:31,051 - INFO - Successfully input PRN: 124A7005
2025-08-23 18:06:31,352 - INFO - Iteration 69/150: Processing PRN 124A7006
2025-08-23 18:06:31,353 - INFO - Inputting PRN: 124A7006
2025-08-23 18:06:32,298 - INFO - Successfully input PRN: 124A7006
2025-08-23 18:06:32,599 - INFO - Iteration 70/150: Processing PRN 124A7007
2025-08-23 18:06:32,599 - INFO - Inputting PRN: 124A7007
2025-08-23 18:06:33,563 - INFO - Successfully input PRN: 124A7007
2025-08-23 18:06:33,865 - INFO - Iteration 71/150: Processing PRN 124A7008
2025-08-23 18:06:33,865 - INFO - Inputting PRN: 124A7008
2025-08-23 18:06:34,834 - INFO - Successfully input PRN: 124A7008
2025-08-23 18:06:35,135 - INFO - Iteration 72/150: Processing PRN 124A7009
2025-08-23 18:06:35,136 - INFO - Inputting PRN: 124A7009
2025-08-23 18:06:36,170 - INFO - Successfully input PRN: 124A7009
2025-08-23 18:06:36,471 - INFO - Iteration 73/150: Processing PRN 124A7010
2025-08-23 18:06:36,471 - INFO - Inputting PRN: 124A7010
2025-08-23 18:06:37,521 - INFO - Successfully input PRN: 124A7010
2025-08-23 18:06:37,822 - INFO - Iteration 74/150: Processing PRN 124A7011
2025-08-23 18:06:37,822 - INFO - Inputting PRN: 124A7011
2025-08-23 18:06:38,796 - INFO - Successfully input PRN: 124A7011
2025-08-23 18:06:39,097 - INFO - Iteration 75/150: Processing PRN 124A7012
2025-08-23 18:06:39,097 - INFO - Inputting PRN: 124A7012
2025-08-23 18:06:40,058 - INFO - Successfully input PRN: 124A7012
2025-08-23 18:06:40,358 - INFO - Iteration 76/150: Processing PRN 124A7013
2025-08-23 18:06:40,359 - INFO - Inputting PRN: 124A7013
2025-08-23 18:06:41,288 - INFO - Successfully input PRN: 124A7013
2025-08-23 18:06:41,590 - INFO - Iteration 77/150: Processing PRN 124A7014
2025-08-23 18:06:41,590 - INFO - Inputting PRN: 124A7014
2025-08-23 18:06:42,561 - INFO - Successfully input PRN: 124A7014
2025-08-23 18:06:42,862 - INFO - Iteration 78/150: Processing PRN 124A7015
2025-08-23 18:06:42,863 - INFO - Inputting PRN: 124A7015
2025-08-23 18:06:43,821 - INFO - Successfully input PRN: 124A7015
2025-08-23 18:06:44,122 - INFO - Iteration 79/150: Processing PRN 124A7016
2025-08-23 18:06:44,122 - INFO - Inputting PRN: 124A7016
2025-08-23 18:06:45,094 - INFO - Successfully input PRN: 124A7016
2025-08-23 18:06:45,395 - INFO - Iteration 80/150: Processing PRN 124A7017
2025-08-23 18:06:45,395 - INFO - Inputting PRN: 124A7017
2025-08-23 18:06:46,356 - INFO - Successfully input PRN: 124A7017
2025-08-23 18:06:46,656 - INFO - Iteration 81/150: Processing PRN 124A7018
2025-08-23 18:06:46,657 - INFO - Inputting PRN: 124A7018
2025-08-23 18:06:47,643 - INFO - Successfully input PRN: 124A7018
2025-08-23 18:06:47,944 - INFO - Iteration 82/150: Processing PRN 124A7019
2025-08-23 18:06:47,945 - INFO - Inputting PRN: 124A7019
2025-08-23 18:06:48,889 - INFO - Successfully input PRN: 124A7019
2025-08-23 18:06:49,190 - INFO - Iteration 83/150: Processing PRN 124A7020
2025-08-23 18:06:49,190 - INFO - Inputting PRN: 124A7020
2025-08-23 18:06:50,153 - INFO - Successfully input PRN: 124A7020
2025-08-23 18:06:50,454 - INFO - Iteration 84/150: Processing PRN 124A7021
2025-08-23 18:06:50,454 - INFO - Inputting PRN: 124A7021
2025-08-23 18:06:51,507 - INFO - Successfully input PRN: 124A7021
2025-08-23 18:06:51,811 - INFO - Iteration 85/150: Processing PRN 124A7022
2025-08-23 18:06:51,811 - INFO - Inputting PRN: 124A7022
2025-08-23 18:06:52,760 - INFO - Successfully input PRN: 124A7022
2025-08-23 18:06:53,061 - INFO - Iteration 86/150: Processing PRN 124A7023
2025-08-23 18:06:53,061 - INFO - Inputting PRN: 124A7023
2025-08-23 18:06:54,005 - INFO - Successfully input PRN: 124A7023
2025-08-23 18:06:54,306 - INFO - Iteration 87/150: Processing PRN 124A7024
2025-08-23 18:06:54,307 - INFO - Inputting PRN: 124A7024
2025-08-23 18:06:55,236 - INFO - Successfully input PRN: 124A7024
2025-08-23 18:06:55,536 - INFO - Iteration 88/150: Processing PRN 124A7025
2025-08-23 18:06:55,537 - INFO - Inputting PRN: 124A7025
2025-08-23 18:06:56,501 - INFO - Successfully input PRN: 124A7025
2025-08-23 18:06:56,806 - INFO - Iteration 89/150: Processing PRN 124A7026
2025-08-23 18:06:56,819 - INFO - Inputting PRN: 124A7026
2025-08-23 18:06:57,800 - INFO - Successfully input PRN: 124A7026
2025-08-23 18:06:58,101 - INFO - Iteration 90/150: Processing PRN 124A7027
2025-08-23 18:06:58,101 - INFO - Inputting PRN: 124A7027
2025-08-23 18:06:59,067 - INFO - Successfully input PRN: 124A7027
2025-08-23 18:06:59,368 - INFO - Iteration 91/150: Processing PRN 124A7028
2025-08-23 18:06:59,368 - INFO - Inputting PRN: 124A7028
2025-08-23 18:07:00,335 - INFO - Successfully input PRN: 124A7028
2025-08-23 18:07:00,635 - INFO - Iteration 92/150: Processing PRN 124A7029
2025-08-23 18:07:00,636 - INFO - Inputting PRN: 124A7029
2025-08-23 18:07:01,577 - INFO - Successfully input PRN: 124A7029
2025-08-23 18:07:01,878 - INFO - Iteration 93/150: Processing PRN 124A7030
2025-08-23 18:07:01,879 - INFO - Inputting PRN: 124A7030
2025-08-23 18:07:02,844 - INFO - Successfully input PRN: 124A7030
2025-08-23 18:07:03,145 - INFO - Iteration 94/150: Processing PRN 124A7031
2025-08-23 18:07:03,145 - INFO - Inputting PRN: 124A7031
2025-08-23 18:07:04,096 - INFO - Successfully input PRN: 124A7031
2025-08-23 18:07:04,397 - INFO - Iteration 95/150: Processing PRN 124A7032
2025-08-23 18:07:04,398 - INFO - Inputting PRN: 124A7032
2025-08-23 18:07:05,361 - INFO - Successfully input PRN: 124A7032
2025-08-23 18:07:05,662 - INFO - Iteration 96/150: Processing PRN 124A7033
2025-08-23 18:07:05,662 - INFO - Inputting PRN: 124A7033
2025-08-23 18:07:06,624 - INFO - Successfully input PRN: 124A7033
2025-08-23 18:07:06,925 - INFO - Iteration 97/150: Processing PRN 124A7034
2025-08-23 18:07:06,927 - INFO - Inputting PRN: 124A7034
2025-08-23 18:07:07,913 - INFO - Successfully input PRN: 124A7034
2025-08-23 18:07:08,214 - INFO - Iteration 98/150: Processing PRN 124A7035
2025-08-23 18:07:08,214 - INFO - Inputting PRN: 124A7035
2025-08-23 18:07:09,166 - INFO - Successfully input PRN: 124A7035
2025-08-23 18:07:09,467 - INFO - Iteration 99/150: Processing PRN 124A7036
2025-08-23 18:07:09,468 - INFO - Inputting PRN: 124A7036
2025-08-23 18:07:10,428 - INFO - Successfully input PRN: 124A7036
2025-08-23 18:07:10,729 - INFO - Iteration 100/150: Processing PRN 124A7037
2025-08-23 18:07:10,730 - INFO - Inputting PRN: 124A7037
2025-08-23 18:07:11,717 - INFO - Successfully input PRN: 124A7037
2025-08-23 18:07:12,018 - INFO - Iteration 101/150: Processing PRN 124A7038
2025-08-23 18:07:12,019 - INFO - Inputting PRN: 124A7038
2025-08-23 18:07:12,982 - INFO - Successfully input PRN: 124A7038
2025-08-23 18:07:13,283 - INFO - Iteration 102/150: Processing PRN 124A7039
2025-08-23 18:07:13,283 - INFO - Inputting PRN: 124A7039
2025-08-23 18:07:14,249 - INFO - Successfully input PRN: 124A7039
2025-08-23 18:07:14,550 - INFO - Iteration 103/150: Processing PRN 124A7040
2025-08-23 18:07:14,551 - INFO - Inputting PRN: 124A7040
2025-08-23 18:07:15,520 - INFO - Successfully input PRN: 124A7040
2025-08-23 18:07:15,822 - INFO - Iteration 104/150: Processing PRN 124A7041
2025-08-23 18:07:15,825 - INFO - Inputting PRN: 124A7041
2025-08-23 18:07:16,783 - INFO - Successfully input PRN: 124A7041
2025-08-23 18:07:17,083 - INFO - Iteration 105/150: Processing PRN 124A7042
2025-08-23 18:07:17,084 - INFO - Inputting PRN: 124A7042
2025-08-23 18:07:18,053 - INFO - Successfully input PRN: 124A7042
2025-08-23 18:07:18,367 - INFO - Iteration 106/150: Processing PRN 124A7043
2025-08-23 18:07:18,375 - INFO - Inputting PRN: 124A7043
2025-08-23 18:07:19,374 - INFO - Successfully input PRN: 124A7043
2025-08-23 18:07:19,675 - INFO - Iteration 107/150: Processing PRN 124A7044
2025-08-23 18:07:19,676 - INFO - Inputting PRN: 124A7044
2025-08-23 18:07:20,648 - INFO - Successfully input PRN: 124A7044
2025-08-23 18:07:20,949 - INFO - Iteration 108/150: Processing PRN 124A7045
2025-08-23 18:07:20,950 - INFO - Inputting PRN: 124A7045
2025-08-23 18:07:21,910 - INFO - Successfully input PRN: 124A7045
2025-08-23 18:07:22,211 - INFO - Iteration 109/150: Processing PRN 124A7046
2025-08-23 18:07:22,211 - INFO - Inputting PRN: 124A7046
2025-08-23 18:07:23,158 - INFO - Successfully input PRN: 124A7046
2025-08-23 18:07:23,459 - INFO - Iteration 110/150: Processing PRN 124A7047
2025-08-23 18:07:23,459 - INFO - Inputting PRN: 124A7047
2025-08-23 18:07:24,470 - INFO - Successfully input PRN: 124A7047
2025-08-23 18:07:24,773 - INFO - Iteration 111/150: Processing PRN 124A7048
2025-08-23 18:07:24,773 - INFO - Inputting PRN: 124A7048
2025-08-23 18:07:25,713 - INFO - Successfully input PRN: 124A7048
2025-08-23 18:07:26,015 - INFO - Iteration 112/150: Processing PRN 124A7049
2025-08-23 18:07:26,015 - INFO - Inputting PRN: 124A7049
2025-08-23 18:07:26,980 - INFO - Successfully input PRN: 124A7049
2025-08-23 18:07:27,281 - INFO - Iteration 113/150: Processing PRN 124A7050
2025-08-23 18:07:27,281 - INFO - Inputting PRN: 124A7050
2025-08-23 18:07:28,248 - INFO - Successfully input PRN: 124A7050
2025-08-23 18:07:28,549 - INFO - Iteration 114/150: Processing PRN 124A7051
2025-08-23 18:07:28,549 - INFO - Inputting PRN: 124A7051
2025-08-23 18:07:29,506 - INFO - Successfully input PRN: 124A7051
2025-08-23 18:07:29,807 - INFO - Iteration 115/150: Processing PRN 124A7052
2025-08-23 18:07:29,807 - INFO - Inputting PRN: 124A7052
2025-08-23 18:07:30,751 - INFO - Successfully input PRN: 124A7052
2025-08-23 18:07:31,052 - INFO - Iteration 116/150: Processing PRN 124A7053
2025-08-23 18:07:31,056 - INFO - Inputting PRN: 124A7053
2025-08-23 18:07:32,016 - INFO - Successfully input PRN: 124A7053
2025-08-23 18:07:32,318 - INFO - Iteration 117/150: Processing PRN 124A7054
2025-08-23 18:07:32,319 - INFO - Inputting PRN: 124A7054
2025-08-23 18:07:33,301 - INFO - Successfully input PRN: 124A7054
2025-08-23 18:07:33,604 - INFO - Iteration 118/150: Processing PRN 124A7055
2025-08-23 18:07:33,604 - INFO - Inputting PRN: 124A7055
2025-08-23 18:07:34,564 - INFO - Successfully input PRN: 124A7055
2025-08-23 18:07:34,865 - INFO - Iteration 119/150: Processing PRN 124A7056
2025-08-23 18:07:34,865 - INFO - Inputting PRN: 124A7056
2025-08-23 18:07:35,824 - INFO - Successfully input PRN: 124A7056
2025-08-23 18:07:36,124 - INFO - Iteration 120/150: Processing PRN 124A7057
2025-08-23 18:07:36,125 - INFO - Inputting PRN: 124A7057
2025-08-23 18:07:37,087 - INFO - Successfully input PRN: 124A7057
2025-08-23 18:07:37,388 - INFO - Iteration 121/150: Processing PRN 124A7058
2025-08-23 18:07:37,388 - INFO - Inputting PRN: 124A7058
2025-08-23 18:07:38,337 - INFO - Successfully input PRN: 124A7058
2025-08-23 18:07:38,638 - INFO - Iteration 122/150: Processing PRN 124A7059
2025-08-23 18:07:38,638 - INFO - Inputting PRN: 124A7059
2025-08-23 18:07:39,573 - INFO - Successfully input PRN: 124A7059
2025-08-23 18:07:39,875 - INFO - Iteration 123/150: Processing PRN 124A7060
2025-08-23 18:07:39,875 - INFO - Inputting PRN: 124A7060
2025-08-23 18:07:40,846 - INFO - Successfully input PRN: 124A7060
2025-08-23 18:07:41,147 - INFO - Iteration 124/150: Processing PRN 124A7061
2025-08-23 18:07:41,148 - INFO - Inputting PRN: 124A7061
2025-08-23 18:07:42,113 - INFO - Successfully input PRN: 124A7061
2025-08-23 18:07:42,415 - INFO - Iteration 125/150: Processing PRN 124A7062
2025-08-23 18:07:42,415 - INFO - Inputting PRN: 124A7062
2025-08-23 18:07:43,377 - INFO - Successfully input PRN: 124A7062
2025-08-23 18:07:43,678 - INFO - Iteration 126/150: Processing PRN 124A7063
2025-08-23 18:07:43,678 - INFO - Inputting PRN: 124A7063
2025-08-23 18:07:44,634 - INFO - Successfully input PRN: 124A7063
2025-08-23 18:07:44,940 - INFO - Iteration 127/150: Processing PRN 124A1001
2025-08-23 18:07:44,942 - INFO - Inputting PRN: 124A1001
2025-08-23 18:07:46,029 - INFO - Successfully input PRN: 124A1001
2025-08-23 18:07:46,330 - INFO - Iteration 128/150: Processing PRN 124A1002
2025-08-23 18:07:46,331 - INFO - Inputting PRN: 124A1002
2025-08-23 18:07:47,302 - INFO - Successfully input PRN: 124A1002
2025-08-23 18:07:47,603 - INFO - Iteration 129/150: Processing PRN 124A1003
2025-08-23 18:07:47,603 - INFO - Inputting PRN: 124A1003
2025-08-23 18:07:48,567 - INFO - Successfully input PRN: 124A1003
2025-08-23 18:07:48,870 - INFO - Iteration 130/150: Processing PRN 124A1004
2025-08-23 18:07:48,870 - INFO - Inputting PRN: 124A1004
2025-08-23 18:07:49,840 - INFO - Successfully input PRN: 124A1004
2025-08-23 18:07:50,141 - INFO - Iteration 131/150: Processing PRN 124A1005
2025-08-23 18:07:50,142 - INFO - Inputting PRN: 124A1005
2025-08-23 18:07:51,094 - INFO - Successfully input PRN: 124A1005
2025-08-23 18:07:51,394 - INFO - Iteration 132/150: Processing PRN 124A1006
2025-08-23 18:07:51,395 - INFO - Inputting PRN: 124A1006
2025-08-23 18:07:52,356 - INFO - Successfully input PRN: 124A1006
2025-08-23 18:07:52,657 - INFO - Iteration 133/150: Processing PRN 124A1007
2025-08-23 18:07:52,657 - INFO - Inputting PRN: 124A1007
2025-08-23 18:07:53,624 - INFO - Successfully input PRN: 124A1007
2025-08-23 18:07:53,925 - INFO - Iteration 134/150: Processing PRN 124A1008
2025-08-23 18:07:53,925 - INFO - Inputting PRN: 124A1008
2025-08-23 18:07:54,877 - INFO - Successfully input PRN: 124A1008
2025-08-23 18:07:55,177 - INFO - Iteration 135/150: Processing PRN 124A1009
2025-08-23 18:07:55,178 - INFO - Inputting PRN: 124A1009
2025-08-23 18:07:56,129 - INFO - Successfully input PRN: 124A1009
2025-08-23 18:07:56,430 - INFO - Iteration 136/150: Processing PRN 124A1010
2025-08-23 18:07:56,430 - INFO - Inputting PRN: 124A1010
2025-08-23 18:07:57,395 - INFO - Successfully input PRN: 124A1010
2025-08-23 18:07:57,696 - INFO - Iteration 137/150: Processing PRN 124A1011
2025-08-23 18:07:57,696 - INFO - Inputting PRN: 124A1011
2025-08-23 18:07:58,649 - INFO - Successfully input PRN: 124A1011
2025-08-23 18:07:58,950 - INFO - Iteration 138/150: Processing PRN 124A1012
2025-08-23 18:07:58,951 - INFO - Inputting PRN: 124A1012
2025-08-23 18:07:59,902 - INFO - Successfully input PRN: 124A1012
2025-08-23 18:08:00,203 - INFO - Iteration 139/150: Processing PRN 124A1013
2025-08-23 18:08:00,203 - INFO - Inputting PRN: 124A1013
2025-08-23 18:08:01,157 - INFO - Successfully input PRN: 124A1013
2025-08-23 18:08:01,464 - INFO - Iteration 140/150: Processing PRN 124A1014
2025-08-23 18:08:01,464 - INFO - Inputting PRN: 124A1014
2025-08-23 18:08:02,444 - INFO - Successfully input PRN: 124A1014
2025-08-23 18:08:02,744 - INFO - Iteration 141/150: Processing PRN 124A1015
2025-08-23 18:08:02,745 - INFO - Inputting PRN: 124A1015
2025-08-23 18:08:03,703 - INFO - Successfully input PRN: 124A1015
2025-08-23 18:08:04,005 - INFO - Iteration 142/150: Processing PRN 124A1016
2025-08-23 18:08:04,005 - INFO - Inputting PRN: 124A1016
2025-08-23 18:08:04,979 - INFO - Successfully input PRN: 124A1016
2025-08-23 18:08:05,283 - INFO - Iteration 143/150: Processing PRN 124A1017
2025-08-23 18:08:05,284 - INFO - Inputting PRN: 124A1017
2025-08-23 18:08:06,236 - INFO - Successfully input PRN: 124A1017
2025-08-23 18:08:06,537 - INFO - Iteration 144/150: Processing PRN 124A1018
2025-08-23 18:08:06,538 - INFO - Inputting PRN: 124A1018
2025-08-23 18:08:07,517 - INFO - Successfully input PRN: 124A1018
2025-08-23 18:08:07,818 - INFO - Iteration 145/150: Processing PRN 124A1019
2025-08-23 18:08:07,818 - INFO - Inputting PRN: 124A1019
2025-08-23 18:08:08,761 - INFO - Successfully input PRN: 124A1019
2025-08-23 18:08:09,062 - INFO - Iteration 146/150: Processing PRN 124A1020
2025-08-23 18:08:09,062 - INFO - Inputting PRN: 124A1020
2025-08-23 18:08:10,030 - INFO - Successfully input PRN: 124A1020
2025-08-23 18:08:10,330 - INFO - Iteration 147/150: Processing PRN 124A1021
2025-08-23 18:08:10,331 - INFO - Inputting PRN: 124A1021
2025-08-23 18:08:11,278 - INFO - Successfully input PRN: 124A1021
2025-08-23 18:08:11,579 - INFO - Iteration 148/150: Processing PRN 124A1022
2025-08-23 18:08:11,579 - INFO - Inputting PRN: 124A1022
2025-08-23 18:08:12,527 - INFO - Successfully input PRN: 124A1022
2025-08-23 18:08:12,828 - INFO - Iteration 149/150: Processing PRN 124A1023
2025-08-23 18:08:12,828 - INFO - Inputting PRN: 124A1023
2025-08-23 18:08:13,811 - INFO - Successfully input PRN: 124A1023
2025-08-23 18:08:14,111 - INFO - Iteration 150/150: Processing PRN 124A1024
2025-08-23 18:08:14,111 - INFO - Inputting PRN: 124A1024
2025-08-23 18:08:15,049 - INFO - Successfully input PRN: 124A1024
2025-08-23 18:08:15,349 - INFO - Automation cycle completed
2025-08-23 18:08:15,350 - INFO - Waiting 20 seconds before next cycle...
2025-08-23 18:08:35,366 - INFO - === Starting Cycle 2 ===
2025-08-23 18:13:26,494 - INFO - Starting automation cycle with 150 iterations
2025-08-23 18:13:26,494 - INFO - Iteration 1/150: Processing PRN 124A1025
2025-08-23 18:13:26,494 - INFO - Inputting PRN: 124A1025
2025-08-23 18:13:27,485 - INFO - Successfully input PRN: 124A1025
2025-08-23 18:13:27,786 - INFO - Iteration 2/150: Processing PRN 124A1026
2025-08-23 18:13:27,786 - INFO - Inputting PRN: 124A1026
2025-08-23 18:13:28,739 - INFO - Successfully input PRN: 124A1026
2025-08-23 18:13:29,040 - INFO - Iteration 3/150: Processing PRN 124A1027
2025-08-23 18:13:29,041 - INFO - Inputting PRN: 124A1027
2025-08-23 18:13:29,986 - INFO - Successfully input PRN: 124A1027
2025-08-23 18:13:30,287 - INFO - Iteration 4/150: Processing PRN 124A1028
2025-08-23 18:13:30,287 - INFO - Inputting PRN: 124A1028
2025-08-23 18:13:31,276 - INFO - Successfully input PRN: 124A1028
2025-08-23 18:13:31,577 - INFO - Iteration 5/150: Processing PRN 124A1029
2025-08-23 18:13:31,577 - INFO - Inputting PRN: 124A1029
2025-08-23 18:13:32,548 - INFO - Successfully input PRN: 124A1029
2025-08-23 18:13:32,849 - INFO - Iteration 6/150: Processing PRN 124A1030
2025-08-23 18:13:32,849 - INFO - Inputting PRN: 124A1030
2025-08-23 18:13:33,821 - INFO - Successfully input PRN: 124A1030
2025-08-23 18:13:34,125 - INFO - Iteration 7/150: Processing PRN 124A1031
2025-08-23 18:13:34,126 - INFO - Inputting PRN: 124A1031
2025-08-23 18:13:35,099 - INFO - Successfully input PRN: 124A1031
2025-08-23 18:13:35,399 - INFO - Iteration 8/150: Processing PRN 124A1032
2025-08-23 18:13:35,400 - INFO - Inputting PRN: 124A1032
2025-08-23 18:13:36,367 - INFO - Successfully input PRN: 124A1032
2025-08-23 18:13:36,668 - INFO - Iteration 9/150: Processing PRN 124A1033
2025-08-23 18:13:36,669 - INFO - Inputting PRN: 124A1033
2025-08-23 18:13:37,642 - INFO - Successfully input PRN: 124A1033
2025-08-23 18:13:37,943 - INFO - Iteration 10/150: Processing PRN 124A1034
2025-08-23 18:13:37,944 - INFO - Inputting PRN: 124A1034
2025-08-23 18:13:38,905 - INFO - Successfully input PRN: 124A1034
2025-08-23 18:13:39,207 - INFO - Iteration 11/150: Processing PRN 124A1035
2025-08-23 18:13:39,208 - INFO - Inputting PRN: 124A1035
2025-08-23 18:13:40,155 - INFO - Successfully input PRN: 124A1035
2025-08-23 18:13:40,456 - INFO - Iteration 12/150: Processing PRN 124A1036
2025-08-23 18:13:40,456 - INFO - Inputting PRN: 124A1036
2025-08-23 18:13:41,418 - INFO - Successfully input PRN: 124A1036
2025-08-23 18:13:41,719 - INFO - Iteration 13/150: Processing PRN 124A1037
2025-08-23 18:13:41,719 - INFO - Inputting PRN: 124A1037
2025-08-23 18:13:42,682 - INFO - Successfully input PRN: 124A1037
2025-08-23 18:13:42,983 - INFO - Iteration 14/150: Processing PRN 124A1038
2025-08-23 18:13:42,983 - INFO - Inputting PRN: 124A1038
2025-08-23 18:13:43,942 - INFO - Successfully input PRN: 124A1038
2025-08-23 18:13:44,243 - INFO - Iteration 15/150: Processing PRN 124A1039
2025-08-23 18:13:44,244 - INFO - Inputting PRN: 124A1039
2025-08-23 18:13:45,196 - INFO - Successfully input PRN: 124A1039
2025-08-23 18:13:45,497 - INFO - Iteration 16/150: Processing PRN 124A1040
2025-08-23 18:13:45,497 - INFO - Inputting PRN: 124A1040
2025-08-23 18:13:46,465 - INFO - Successfully input PRN: 124A1040
2025-08-23 18:13:46,767 - INFO - Iteration 17/150: Processing PRN 124A1041
2025-08-23 18:13:46,768 - INFO - Inputting PRN: 124A1041
2025-08-23 18:13:47,768 - INFO - Successfully input PRN: 124A1041
2025-08-23 18:13:48,069 - INFO - Iteration 18/150: Processing PRN 124A1042
2025-08-23 18:13:48,069 - INFO - Inputting PRN: 124A1042
2025-08-23 18:13:49,042 - INFO - Successfully input PRN: 124A1042
2025-08-23 18:13:49,343 - INFO - Iteration 19/150: Processing PRN 124A1043
2025-08-23 18:13:49,343 - INFO - Inputting PRN: 124A1043
2025-08-23 18:13:50,299 - INFO - Successfully input PRN: 124A1043
2025-08-23 18:13:50,601 - INFO - Iteration 20/150: Processing PRN 124A1044
2025-08-23 18:13:50,601 - INFO - Inputting PRN: 124A1044
2025-08-23 18:13:51,560 - INFO - Successfully input PRN: 124A1044
2025-08-23 18:13:51,882 - INFO - Iteration 21/150: Processing PRN 124A1045
2025-08-23 18:13:51,915 - INFO - Inputting PRN: 124A1045
2025-08-23 18:13:53,264 - INFO - Successfully input PRN: 124A1045
2025-08-23 18:13:53,565 - INFO - Iteration 22/150: Processing PRN 124A1046
2025-08-23 18:13:53,565 - INFO - Inputting PRN: 124A1046
2025-08-23 18:13:54,537 - INFO - Successfully input PRN: 124A1046
2025-08-23 18:13:54,839 - INFO - Iteration 23/150: Processing PRN 124A1047
2025-08-23 18:13:54,840 - INFO - Inputting PRN: 124A1047
2025-08-23 18:13:55,792 - INFO - Successfully input PRN: 124A1047
2025-08-23 18:13:56,093 - INFO - Iteration 24/150: Processing PRN 124A1048
2025-08-23 18:13:56,093 - INFO - Inputting PRN: 124A1048
2025-08-23 18:13:57,053 - INFO - Successfully input PRN: 124A1048
2025-08-23 18:13:57,356 - INFO - Iteration 25/150: Processing PRN 124A1049
2025-08-23 18:13:57,356 - INFO - Inputting PRN: 124A1049
2025-08-23 18:13:58,304 - INFO - Successfully input PRN: 124A1049
2025-08-23 18:13:58,605 - INFO - Iteration 26/150: Processing PRN 124A1050
2025-08-23 18:13:58,605 - INFO - Inputting PRN: 124A1050
2025-08-23 18:13:59,549 - INFO - Successfully input PRN: 124A1050
2025-08-23 18:13:59,849 - INFO - Iteration 27/150: Processing PRN 124A1051
2025-08-23 18:13:59,850 - INFO - Inputting PRN: 124A1051
2025-08-23 18:14:00,818 - INFO - Successfully input PRN: 124A1051
2025-08-23 18:14:01,119 - INFO - Iteration 28/150: Processing PRN 124A1052
2025-08-23 18:14:01,120 - INFO - Inputting PRN: 124A1052
2025-08-23 18:14:02,083 - INFO - Successfully input PRN: 124A1052
2025-08-23 18:14:02,384 - INFO - Iteration 29/150: Processing PRN 124A1053
2025-08-23 18:14:02,385 - INFO - Inputting PRN: 124A1053
2025-08-23 18:14:03,332 - INFO - Successfully input PRN: 124A1053
2025-08-23 18:14:03,633 - INFO - Iteration 30/150: Processing PRN 124A1054
2025-08-23 18:14:03,633 - INFO - Inputting PRN: 124A1054
2025-08-23 18:14:04,599 - INFO - Successfully input PRN: 124A1054
2025-08-23 18:14:04,900 - INFO - Iteration 31/150: Processing PRN 124A1055
2025-08-23 18:14:04,900 - INFO - Inputting PRN: 124A1055
2025-08-23 18:14:05,867 - INFO - Successfully input PRN: 124A1055
2025-08-23 18:14:06,167 - INFO - Iteration 32/150: Processing PRN 124A1056
2025-08-23 18:14:06,168 - INFO - Inputting PRN: 124A1056
2025-08-23 18:14:07,132 - INFO - Successfully input PRN: 124A1056
2025-08-23 18:14:07,433 - INFO - Iteration 33/150: Processing PRN 124A1057
2025-08-23 18:14:07,433 - INFO - Inputting PRN: 124A1057
2025-08-23 18:14:08,384 - INFO - Successfully input PRN: 124A1057
2025-08-23 18:14:08,691 - INFO - Iteration 34/150: Processing PRN 124A1058
2025-08-23 18:14:08,691 - INFO - Inputting PRN: 124A1058
2025-08-23 18:14:09,648 - INFO - Successfully input PRN: 124A1058
2025-08-23 18:14:09,949 - INFO - Iteration 35/150: Processing PRN 124A1059
2025-08-23 18:14:09,949 - INFO - Inputting PRN: 124A1059
2025-08-23 18:14:10,896 - INFO - Successfully input PRN: 124A1059
2025-08-23 18:14:11,199 - INFO - Iteration 36/150: Processing PRN 124A1060
2025-08-23 18:14:11,200 - INFO - Inputting PRN: 124A1060
2025-08-23 18:14:12,163 - INFO - Successfully input PRN: 124A1060
2025-08-23 18:14:12,463 - INFO - Iteration 37/150: Processing PRN 124A1061
2025-08-23 18:14:12,463 - INFO - Inputting PRN: 124A1061
2025-08-23 18:14:13,433 - INFO - Successfully input PRN: 124A1061
2025-08-23 18:14:13,740 - INFO - Iteration 38/150: Processing PRN 124A1062
2025-08-23 18:14:13,745 - INFO - Inputting PRN: 124A1062
2025-08-23 18:14:14,732 - INFO - Successfully input PRN: 124A1062
2025-08-23 18:14:15,033 - INFO - Iteration 39/150: Processing PRN 124A1063
2025-08-23 18:14:15,033 - INFO - Inputting PRN: 124A1063
2025-08-23 18:14:15,991 - INFO - Successfully input PRN: 124A1063
2025-08-23 18:14:16,292 - INFO - Iteration 40/150: Processing PRN 124A1064
2025-08-23 18:14:16,292 - INFO - Inputting PRN: 124A1064
2025-08-23 18:14:17,250 - INFO - Successfully input PRN: 124A1064
2025-08-23 18:14:17,552 - INFO - Iteration 41/150: Processing PRN 124A1065
2025-08-23 18:14:17,553 - INFO - Inputting PRN: 124A1065
2025-08-23 18:14:18,513 - INFO - Successfully input PRN: 124A1065
2025-08-23 18:14:18,814 - INFO - Iteration 42/150: Processing PRN 124A1066
2025-08-23 18:14:18,814 - INFO - Inputting PRN: 124A1066
2025-08-23 18:14:20,117 - INFO - Successfully input PRN: 124A1066
2025-08-23 18:14:20,424 - INFO - Iteration 43/150: Processing PRN 124A1067
2025-08-23 18:14:20,425 - INFO - Inputting PRN: 124A1067
2025-08-23 18:14:21,454 - INFO - Successfully input PRN: 124A1067
2025-08-23 18:14:21,755 - INFO - Iteration 44/150: Processing PRN 124A1068
2025-08-23 18:14:21,755 - INFO - Inputting PRN: 124A1068
2025-08-23 18:14:22,775 - INFO - Successfully input PRN: 124A1068
2025-08-23 18:14:23,076 - INFO - Iteration 45/150: Processing PRN 124A1069
2025-08-23 18:14:23,076 - INFO - Inputting PRN: 124A1069
2025-08-23 18:14:24,064 - INFO - Successfully input PRN: 124A1069
2025-08-23 18:14:24,366 - INFO - Iteration 46/150: Processing PRN 124A1070
2025-08-23 18:14:24,368 - INFO - Inputting PRN: 124A1070
2025-08-23 18:14:25,523 - INFO - Successfully input PRN: 124A1070
2025-08-23 18:14:25,824 - INFO - Iteration 47/150: Processing PRN 124A1071
2025-08-23 18:14:25,824 - INFO - Inputting PRN: 124A1071
2025-08-23 18:14:26,819 - INFO - Successfully input PRN: 124A1071
2025-08-23 18:14:27,121 - INFO - Iteration 48/150: Processing PRN 124A1072
2025-08-23 18:14:27,121 - INFO - Inputting PRN: 124A1072
2025-08-23 18:14:28,080 - INFO - Successfully input PRN: 124A1072
2025-08-23 18:14:28,381 - INFO - Iteration 49/150: Processing PRN 124A1073
2025-08-23 18:14:28,381 - INFO - Inputting PRN: 124A1073
2025-08-23 18:14:29,331 - INFO - Successfully input PRN: 124A1073
2025-08-23 18:14:29,632 - INFO - Iteration 50/150: Processing PRN 124A1074
2025-08-23 18:14:29,637 - INFO - Inputting PRN: 124A1074
2025-08-23 18:14:30,629 - INFO - Successfully input PRN: 124A1074
2025-08-23 18:14:30,930 - INFO - Iteration 51/150: Processing PRN 124A1075
2025-08-23 18:14:30,930 - INFO - Inputting PRN: 124A1075
2025-08-23 18:14:31,884 - INFO - Successfully input PRN: 124A1075
2025-08-23 18:14:32,185 - INFO - Iteration 52/150: Processing PRN 124A1076
2025-08-23 18:14:32,186 - INFO - Inputting PRN: 124A1076
2025-08-23 18:14:33,132 - INFO - Successfully input PRN: 124A1076
2025-08-23 18:14:33,434 - INFO - Iteration 53/150: Processing PRN 124A1077
2025-08-23 18:14:33,436 - INFO - Inputting PRN: 124A1077
2025-08-23 18:14:34,416 - INFO - Successfully input PRN: 124A1077
2025-08-23 18:14:34,718 - INFO - Iteration 54/150: Processing PRN 124A1078
2025-08-23 18:14:34,718 - INFO - Inputting PRN: 124A1078
2025-08-23 18:14:35,681 - INFO - Successfully input PRN: 124A1078
2025-08-23 18:14:36,026 - INFO - Iteration 55/150: Processing PRN 124A1079
2025-08-23 18:14:36,126 - INFO - Inputting PRN: 124A1079
2025-08-23 18:14:38,004 - INFO - Successfully input PRN: 124A1079
2025-08-23 18:14:38,724 - INFO - Iteration 56/150: Processing PRN 124A1080
2025-08-23 18:14:39,060 - INFO - Inputting PRN: 124A1080
2025-08-23 18:14:41,422 - INFO - Successfully input PRN: 124A1080
2025-08-23 18:14:41,722 - INFO - Iteration 57/150: Processing PRN 124A1081
2025-08-23 18:14:41,723 - INFO - Inputting PRN: 124A1081
2025-08-23 18:14:42,764 - INFO - Successfully input PRN: 124A1081
2025-08-23 18:14:43,067 - INFO - Iteration 58/150: Processing PRN 124A1082
2025-08-23 18:14:43,069 - INFO - Inputting PRN: 124A1082
2025-08-23 18:14:44,071 - INFO - Successfully input PRN: 124A1082
2025-08-23 18:14:44,372 - INFO - Iteration 59/150: Processing PRN 124A1083
2025-08-23 18:14:44,373 - INFO - Inputting PRN: 124A1083
2025-08-23 18:14:45,327 - INFO - Successfully input PRN: 124A1083
2025-08-23 18:14:45,627 - INFO - Iteration 60/150: Processing PRN 124A1084
2025-08-23 18:14:45,628 - INFO - Inputting PRN: 124A1084
2025-08-23 18:14:46,596 - INFO - Successfully input PRN: 124A1084
2025-08-23 18:14:46,899 - INFO - Iteration 61/150: Processing PRN 124A1085
2025-08-23 18:14:46,900 - INFO - Inputting PRN: 124A1085
2025-08-23 18:14:47,894 - INFO - Successfully input PRN: 124A1085
2025-08-23 18:14:48,195 - INFO - Iteration 62/150: Processing PRN 124A1086
2025-08-23 18:14:48,195 - INFO - Inputting PRN: 124A1086
2025-08-23 18:14:49,165 - INFO - Successfully input PRN: 124A1086
2025-08-23 18:14:49,472 - INFO - Iteration 63/150: Processing PRN 124A1087
2025-08-23 18:14:49,474 - INFO - Inputting PRN: 124A1087
2025-08-23 18:14:50,470 - INFO - Successfully input PRN: 124A1087
2025-08-23 18:14:50,771 - INFO - Iteration 64/150: Processing PRN 124A1088
2025-08-23 18:14:50,771 - INFO - Inputting PRN: 124A1088
2025-08-23 18:14:51,771 - INFO - Successfully input PRN: 124A1088
2025-08-23 18:14:52,074 - INFO - Iteration 65/150: Processing PRN 124A1089
2025-08-23 18:14:52,075 - INFO - Inputting PRN: 124A1089
2025-08-23 18:14:53,048 - INFO - Successfully input PRN: 124A1089
2025-08-23 18:14:53,349 - INFO - Iteration 66/150: Processing PRN 124A1090
2025-08-23 18:14:53,350 - INFO - Inputting PRN: 124A1090
2025-08-23 18:14:54,314 - INFO - Successfully input PRN: 124A1090
2025-08-23 18:14:54,615 - INFO - Iteration 67/150: Processing PRN 124A1091
2025-08-23 18:14:54,616 - INFO - Inputting PRN: 124A1091
2025-08-23 18:14:55,561 - INFO - Successfully input PRN: 124A1091
2025-08-23 18:14:55,862 - INFO - Iteration 68/150: Processing PRN 124A1092
2025-08-23 18:14:55,863 - INFO - Inputting PRN: 124A1092
2025-08-23 18:14:56,846 - INFO - Successfully input PRN: 124A1092
2025-08-23 18:14:57,152 - INFO - Iteration 69/150: Processing PRN 124A1093
2025-08-23 18:14:57,157 - INFO - Inputting PRN: 124A1093
2025-08-23 18:14:58,141 - INFO - Successfully input PRN: 124A1093
2025-08-23 18:14:58,442 - INFO - Iteration 70/150: Processing PRN 124A1094
2025-08-23 18:14:58,442 - INFO - Inputting PRN: 124A1094
2025-08-23 18:14:59,382 - INFO - Successfully input PRN: 124A1094
2025-08-23 18:14:59,683 - INFO - Iteration 71/150: Processing PRN 124A1095
2025-08-23 18:14:59,684 - INFO - Inputting PRN: 124A1095
2025-08-23 18:15:00,658 - INFO - Successfully input PRN: 124A1095
2025-08-23 18:15:00,959 - INFO - Iteration 72/150: Processing PRN 124A1096
2025-08-23 18:15:00,959 - INFO - Inputting PRN: 124A1096
2025-08-23 18:15:01,908 - INFO - Successfully input PRN: 124A1096
2025-08-23 18:15:02,209 - INFO - Iteration 73/150: Processing PRN 124A1097
2025-08-23 18:15:02,209 - INFO - Inputting PRN: 124A1097
2025-08-23 18:15:03,177 - INFO - Successfully input PRN: 124A1097
2025-08-23 18:15:03,478 - INFO - Iteration 74/150: Processing PRN 124A1098
2025-08-23 18:15:03,482 - INFO - Inputting PRN: 124A1098
2025-08-23 18:15:04,484 - INFO - Successfully input PRN: 124A1098
2025-08-23 18:15:04,791 - INFO - Iteration 75/150: Processing PRN 124A1099
2025-08-23 18:15:04,791 - INFO - Inputting PRN: 124A1099
2025-08-23 18:15:05,777 - INFO - Successfully input PRN: 124A1099
2025-08-23 18:15:06,078 - INFO - Iteration 76/150: Processing PRN 124A1100
2025-08-23 18:15:06,079 - INFO - Inputting PRN: 124A1100
2025-08-23 18:15:07,044 - INFO - Successfully input PRN: 124A1100
2025-08-23 18:15:07,348 - INFO - Iteration 77/150: Processing PRN 124A1101
2025-08-23 18:15:07,349 - INFO - Inputting PRN: 124A1101
2025-08-23 18:15:08,346 - INFO - Successfully input PRN: 124A1101
2025-08-23 18:15:08,647 - INFO - Iteration 78/150: Processing PRN 124A1102
2025-08-23 18:15:08,648 - INFO - Inputting PRN: 124A1102
2025-08-23 18:15:09,600 - INFO - Successfully input PRN: 124A1102
2025-08-23 18:15:09,901 - INFO - Iteration 79/150: Processing PRN 124A1103
2025-08-23 18:15:09,901 - INFO - Inputting PRN: 124A1103
2025-08-23 18:15:10,866 - INFO - Successfully input PRN: 124A1103
2025-08-23 18:15:11,167 - INFO - Iteration 80/150: Processing PRN 124A1104
2025-08-23 18:15:11,167 - INFO - Inputting PRN: 124A1104
2025-08-23 18:15:12,129 - INFO - Successfully input PRN: 124A1104
2025-08-23 18:15:12,431 - INFO - Iteration 81/150: Processing PRN 124A1105
2025-08-23 18:15:12,432 - INFO - Inputting PRN: 124A1105
2025-08-23 18:15:13,437 - INFO - Successfully input PRN: 124A1105
2025-08-23 18:15:13,740 - INFO - Iteration 82/150: Processing PRN 124A1106
2025-08-23 18:15:13,741 - INFO - Inputting PRN: 124A1106
2025-08-23 18:15:14,696 - INFO - Successfully input PRN: 124A1106
2025-08-23 18:15:15,001 - INFO - Iteration 83/150: Processing PRN 124A1107
2025-08-23 18:15:15,002 - INFO - Inputting PRN: 124A1107
2025-08-23 18:15:15,988 - INFO - Successfully input PRN: 124A1107
2025-08-23 18:15:16,289 - INFO - Iteration 84/150: Processing PRN 124A1108
2025-08-23 18:15:16,290 - INFO - Inputting PRN: 124A1108
2025-08-23 18:15:17,262 - INFO - Successfully input PRN: 124A1108
2025-08-23 18:15:17,562 - INFO - Iteration 85/150: Processing PRN 124A1109
2025-08-23 18:15:17,563 - INFO - Inputting PRN: 124A1109
2025-08-23 18:15:18,513 - INFO - Successfully input PRN: 124A1109
2025-08-23 18:15:18,816 - INFO - Iteration 86/150: Processing PRN 124A1110
2025-08-23 18:15:18,817 - INFO - Inputting PRN: 124A1110
2025-08-23 18:15:19,790 - INFO - Successfully input PRN: 124A1110
2025-08-23 18:15:20,091 - INFO - Iteration 87/150: Processing PRN 124A1111
2025-08-23 18:15:20,091 - INFO - Inputting PRN: 124A1111
2025-08-23 18:15:21,096 - INFO - Successfully input PRN: 124A1111
2025-08-23 18:15:21,398 - INFO - Iteration 88/150: Processing PRN 124A1112
2025-08-23 18:15:21,398 - INFO - Inputting PRN: 124A1112
2025-08-23 18:15:22,361 - INFO - Successfully input PRN: 124A1112
2025-08-23 18:15:22,662 - INFO - Iteration 89/150: Processing PRN 124A1113
2025-08-23 18:15:22,663 - INFO - Inputting PRN: 124A1113
2025-08-23 18:15:23,645 - INFO - Successfully input PRN: 124A1113
2025-08-23 18:15:23,970 - INFO - Iteration 90/150: Processing PRN 124A1114
2025-08-23 18:15:24,075 - INFO - Inputting PRN: 124A1114
2025-08-23 18:15:25,197 - INFO - Successfully input PRN: 124A1114
2025-08-23 18:15:25,498 - INFO - Iteration 91/150: Processing PRN 124A1115
2025-08-23 18:15:25,498 - INFO - Inputting PRN: 124A1115
2025-08-23 18:15:26,480 - INFO - Successfully input PRN: 124A1115
2025-08-23 18:15:26,781 - INFO - Iteration 92/150: Processing PRN 124A1116
2025-08-23 18:15:26,782 - INFO - Inputting PRN: 124A1116
2025-08-23 18:15:27,741 - INFO - Successfully input PRN: 124A1116
2025-08-23 18:15:28,045 - INFO - Iteration 93/150: Processing PRN 124A1117
2025-08-23 18:15:28,046 - INFO - Inputting PRN: 124A1117
2025-08-23 18:15:29,005 - INFO - Successfully input PRN: 124A1117
2025-08-23 18:15:29,306 - INFO - Iteration 94/150: Processing PRN 124A1118
2025-08-23 18:15:29,306 - INFO - Inputting PRN: 124A1118
2025-08-23 18:15:30,268 - INFO - Successfully input PRN: 124A1118
2025-08-23 18:15:30,569 - INFO - Iteration 95/150: Processing PRN 124A1119
2025-08-23 18:15:30,569 - INFO - Inputting PRN: 124A1119
2025-08-23 18:15:31,540 - INFO - Successfully input PRN: 124A1119
2025-08-23 18:15:31,841 - INFO - Iteration 96/150: Processing PRN 124A1120
2025-08-23 18:15:31,846 - INFO - Inputting PRN: 124A1120
2025-08-23 18:15:32,845 - INFO - Successfully input PRN: 124A1120
2025-08-23 18:15:33,146 - INFO - Iteration 97/150: Processing PRN 124A1121
2025-08-23 18:15:33,147 - INFO - Inputting PRN: 124A1121
2025-08-23 18:15:34,142 - INFO - Successfully input PRN: 124A1121
2025-08-23 18:15:34,443 - INFO - Iteration 98/150: Processing PRN 124A1122
2025-08-23 18:15:34,443 - INFO - Inputting PRN: 124A1122
2025-08-23 18:15:35,395 - INFO - Successfully input PRN: 124A1122
2025-08-23 18:15:35,696 - INFO - Iteration 99/150: Processing PRN 124A1123
2025-08-23 18:15:35,696 - INFO - Inputting PRN: 124A1123
2025-08-23 18:15:36,677 - INFO - Successfully input PRN: 124A1123
2025-08-23 18:15:36,980 - INFO - Iteration 100/150: Processing PRN 124A1124
2025-08-23 18:15:36,980 - INFO - Inputting PRN: 124A1124
2025-08-23 18:15:37,967 - INFO - Successfully input PRN: 124A1124
2025-08-23 18:15:38,268 - INFO - Iteration 101/150: Processing PRN 124A1125
2025-08-23 18:15:38,269 - INFO - Inputting PRN: 124A1125
2025-08-23 18:15:39,244 - INFO - Successfully input PRN: 124A1125
2025-08-23 18:15:39,546 - INFO - Iteration 102/150: Processing PRN 124A1126
2025-08-23 18:15:39,547 - INFO - Inputting PRN: 124A1126
2025-08-23 18:15:40,514 - INFO - Successfully input PRN: 124A1126
2025-08-23 18:15:40,816 - INFO - Iteration 103/150: Processing PRN 124A1127
2025-08-23 18:15:40,816 - INFO - Inputting PRN: 124A1127
2025-08-23 18:15:41,783 - INFO - Successfully input PRN: 124A1127
2025-08-23 18:15:42,084 - INFO - Iteration 104/150: Processing PRN 124A1128
2025-08-23 18:15:42,084 - INFO - Inputting PRN: 124A1128
2025-08-23 18:15:43,051 - INFO - Successfully input PRN: 124A1128
2025-08-23 18:15:43,353 - INFO - Iteration 105/150: Processing PRN 124A1129
2025-08-23 18:15:43,353 - INFO - Inputting PRN: 124A1129
2025-08-23 18:15:44,330 - INFO - Successfully input PRN: 124A1129
2025-08-23 18:15:44,631 - INFO - Iteration 106/150: Processing PRN 124A1130
2025-08-23 18:15:44,631 - INFO - Inputting PRN: 124A1130
2025-08-23 18:15:45,634 - INFO - Successfully input PRN: 124A1130
2025-08-23 18:15:45,954 - INFO - Iteration 107/150: Processing PRN 124A1131
2025-08-23 18:15:45,954 - INFO - Inputting PRN: 124A1131
2025-08-23 18:15:46,908 - INFO - Successfully input PRN: 124A1131
2025-08-23 18:15:47,209 - INFO - Iteration 108/150: Processing PRN 124A1132
2025-08-23 18:15:47,210 - INFO - Inputting PRN: 124A1132
2025-08-23 18:15:48,169 - INFO - Successfully input PRN: 124A1132
2025-08-23 18:15:48,470 - INFO - Iteration 109/150: Processing PRN 124A1133
2025-08-23 18:15:48,470 - INFO - Inputting PRN: 124A1133
2025-08-23 18:15:49,443 - INFO - Successfully input PRN: 124A1133
2025-08-23 18:15:49,744 - INFO - Iteration 110/150: Processing PRN 124A1134
2025-08-23 18:15:49,745 - INFO - Inputting PRN: 124A1134
2025-08-23 18:15:50,733 - INFO - Successfully input PRN: 124A1134
2025-08-23 18:15:51,095 - INFO - Iteration 111/150: Processing PRN 124A1135
2025-08-23 18:15:51,121 - INFO - Inputting PRN: 124A1135
2025-08-23 18:15:52,266 - INFO - Successfully input PRN: 124A1135
2025-08-23 18:15:52,581 - INFO - Iteration 112/150: Processing PRN 124A1136
2025-08-23 18:15:52,635 - INFO - Inputting PRN: 124A1136
2025-08-23 18:15:53,963 - INFO - Successfully input PRN: 124A1136
2025-08-23 18:15:54,265 - INFO - Iteration 113/150: Processing PRN 124A1137
2025-08-23 18:15:54,265 - INFO - Inputting PRN: 124A1137
2025-08-23 18:15:55,309 - INFO - Successfully input PRN: 124A1137
2025-08-23 18:15:55,610 - INFO - Iteration 114/150: Processing PRN 124A1138
2025-08-23 18:15:55,610 - INFO - Inputting PRN: 124A1138
2025-08-23 18:15:56,562 - INFO - Successfully input PRN: 124A1138
2025-08-23 18:15:56,870 - INFO - Iteration 115/150: Processing PRN 124A1139
2025-08-23 18:15:56,873 - INFO - Inputting PRN: 124A1139
2025-08-23 18:15:57,853 - INFO - Successfully input PRN: 124A1139
2025-08-23 18:15:58,157 - INFO - Iteration 116/150: Processing PRN 124A1140
2025-08-23 18:15:58,158 - INFO - Inputting PRN: 124A1140
2025-08-23 18:15:59,122 - INFO - Successfully input PRN: 124A1140
2025-08-23 18:15:59,423 - INFO - Iteration 117/150: Processing PRN 124A1141
2025-08-23 18:15:59,424 - INFO - Inputting PRN: 124A1141
2025-08-23 18:16:00,379 - INFO - Successfully input PRN: 124A1141
2025-08-23 18:16:00,680 - INFO - Iteration 118/150: Processing PRN 124A1142
2025-08-23 18:16:00,680 - INFO - Inputting PRN: 124A1142
2025-08-23 18:16:01,634 - INFO - Successfully input PRN: 124A1142
2025-08-23 18:16:01,937 - INFO - Iteration 119/150: Processing PRN 124A1143
2025-08-23 18:16:01,944 - INFO - Inputting PRN: 124A1143
2025-08-23 18:16:03,153 - INFO - Successfully input PRN: 124A1143
2025-08-23 18:16:03,454 - INFO - Iteration 120/150: Processing PRN 124A1144
2025-08-23 18:16:03,457 - INFO - Inputting PRN: 124A1144
2025-08-23 18:16:04,436 - INFO - Successfully input PRN: 124A1144
2025-08-23 18:16:04,736 - INFO - Iteration 121/150: Processing PRN 124A1145
2025-08-23 18:16:04,738 - INFO - Inputting PRN: 124A1145
2025-08-23 18:16:05,869 - INFO - Successfully input PRN: 124A1145
2025-08-23 18:16:06,173 - INFO - Iteration 122/150: Processing PRN 124A1146
2025-08-23 18:16:06,174 - INFO - Inputting PRN: 124A1146
2025-08-23 18:16:07,164 - INFO - Successfully input PRN: 124A1146
2025-08-23 18:16:07,474 - INFO - Iteration 123/150: Processing PRN 124A1147
2025-08-23 18:16:07,485 - INFO - Inputting PRN: 124A1147
2025-08-23 18:16:08,515 - INFO - Successfully input PRN: 124A1147
2025-08-23 18:16:08,816 - INFO - Iteration 124/150: Processing PRN 124A1148
2025-08-23 18:16:08,816 - INFO - Inputting PRN: 124A1148
2025-08-23 18:16:09,773 - INFO - Successfully input PRN: 124A1148
2025-08-23 18:16:10,074 - INFO - Iteration 125/150: Processing PRN 124A1149
2025-08-23 18:16:10,075 - INFO - Inputting PRN: 124A1149
2025-08-23 18:16:11,046 - INFO - Successfully input PRN: 124A1149
2025-08-23 18:16:11,347 - INFO - Iteration 126/150: Processing PRN 124A1150
2025-08-23 18:16:11,347 - INFO - Inputting PRN: 124A1150
2025-08-23 18:16:12,313 - INFO - Successfully input PRN: 124A1150
2025-08-23 18:16:12,614 - INFO - Iteration 127/150: Processing PRN 124A1151
2025-08-23 18:16:12,614 - INFO - Inputting PRN: 124A1151
2025-08-23 18:16:13,573 - INFO - Successfully input PRN: 124A1151
2025-08-23 18:16:13,874 - INFO - Iteration 128/150: Processing PRN 124A1152
2025-08-23 18:16:13,874 - INFO - Inputting PRN: 124A1152
2025-08-23 18:16:14,823 - INFO - Successfully input PRN: 124A1152
2025-08-23 18:16:15,124 - INFO - Iteration 129/150: Processing PRN 124A1153
2025-08-23 18:16:15,125 - INFO - Inputting PRN: 124A1153
2025-08-23 18:16:16,088 - INFO - Successfully input PRN: 124A1153
2025-08-23 18:16:16,389 - INFO - Iteration 130/150: Processing PRN 124A1154
2025-08-23 18:16:16,390 - INFO - Inputting PRN: 124A1154
2025-08-23 18:16:17,337 - INFO - Successfully input PRN: 124A1154
2025-08-23 18:16:17,638 - INFO - Iteration 131/150: Processing PRN 124A1155
2025-08-23 18:16:17,638 - INFO - Inputting PRN: 124A1155
2025-08-23 18:16:18,592 - INFO - Successfully input PRN: 124A1155
2025-08-23 18:16:18,893 - INFO - Iteration 132/150: Processing PRN 124A1156
2025-08-23 18:16:18,893 - INFO - Inputting PRN: 124A1156
2025-08-23 18:16:19,882 - INFO - Successfully input PRN: 124A1156
2025-08-23 18:16:20,182 - INFO - Iteration 133/150: Processing PRN 124A1157
2025-08-23 18:16:20,183 - INFO - Inputting PRN: 124A1157
2025-08-23 18:16:21,171 - INFO - Successfully input PRN: 124A1157
2025-08-23 18:16:21,471 - INFO - Iteration 134/150: Processing PRN 124A1158
2025-08-23 18:16:21,472 - INFO - Inputting PRN: 124A1158
2025-08-23 18:16:22,429 - INFO - Successfully input PRN: 124A1158
2025-08-23 18:16:22,730 - INFO - Iteration 135/150: Processing PRN 124A1159
2025-08-23 18:16:22,730 - INFO - Inputting PRN: 124A1159
2025-08-23 18:16:23,691 - INFO - Successfully input PRN: 124A1159
2025-08-23 18:16:23,993 - INFO - Iteration 136/150: Processing PRN 124A1160
2025-08-23 18:16:23,994 - INFO - Inputting PRN: 124A1160
2025-08-23 18:16:24,921 - INFO - Successfully input PRN: 124A1160
2025-08-23 18:16:25,221 - INFO - Iteration 137/150: Processing PRN 124A1161
2025-08-23 18:16:25,222 - INFO - Inputting PRN: 124A1161
2025-08-23 18:16:26,183 - INFO - Successfully input PRN: 124A1161
2025-08-23 18:16:26,484 - INFO - Iteration 138/150: Processing PRN 124A1162
2025-08-23 18:16:26,485 - INFO - Inputting PRN: 124A1162
2025-08-23 18:16:27,448 - INFO - Successfully input PRN: 124A1162
2025-08-23 18:16:27,748 - INFO - Iteration 139/150: Processing PRN 124A1163
2025-08-23 18:16:27,749 - INFO - Inputting PRN: 124A1163
2025-08-23 18:16:28,744 - INFO - Successfully input PRN: 124A1163
2025-08-23 18:16:29,045 - INFO - Iteration 140/150: Processing PRN 124A1164
2025-08-23 18:16:29,046 - INFO - Inputting PRN: 124A1164
2025-08-23 18:16:30,027 - INFO - Successfully input PRN: 124A1164
2025-08-23 18:16:30,328 - INFO - Iteration 141/150: Processing PRN 124A1165
2025-08-23 18:16:30,328 - INFO - Inputting PRN: 124A1165
2025-08-23 18:16:31,277 - INFO - Successfully input PRN: 124A1165
2025-08-23 18:16:31,578 - INFO - Iteration 142/150: Processing PRN 124A1166
2025-08-23 18:16:31,578 - INFO - Inputting PRN: 124A1166
2025-08-23 18:16:32,557 - INFO - Successfully input PRN: 124A1166
2025-08-23 18:16:32,858 - INFO - Iteration 143/150: Processing PRN 124A1167
2025-08-23 18:16:32,858 - INFO - Inputting PRN: 124A1167
2025-08-23 18:16:33,817 - INFO - Successfully input PRN: 124A1167
2025-08-23 18:16:34,119 - INFO - Iteration 144/150: Processing PRN 124A1168
2025-08-23 18:16:34,119 - INFO - Inputting PRN: 124A1168
2025-08-23 18:16:35,321 - INFO - Successfully input PRN: 124A1168
2025-08-23 18:16:35,625 - INFO - Iteration 145/150: Processing PRN 124A1169
2025-08-23 18:16:35,625 - INFO - Inputting PRN: 124A1169
2025-08-23 18:16:36,645 - INFO - Successfully input PRN: 124A1169
2025-08-23 18:16:36,946 - INFO - Iteration 146/150: Processing PRN 124A1170
2025-08-23 18:16:36,946 - INFO - Inputting PRN: 124A1170
2025-08-23 18:16:37,937 - INFO - Successfully input PRN: 124A1170
2025-08-23 18:16:38,238 - INFO - Iteration 147/150: Processing PRN 124A1171
2025-08-23 18:16:38,238 - INFO - Inputting PRN: 124A1171
2025-08-23 18:16:39,204 - INFO - Successfully input PRN: 124A1171
2025-08-23 18:16:39,505 - INFO - Iteration 148/150: Processing PRN 124A1172
2025-08-23 18:16:39,505 - INFO - Inputting PRN: 124A1172
2025-08-23 18:16:40,476 - INFO - Successfully input PRN: 124A1172
2025-08-23 18:16:40,777 - INFO - Iteration 149/150: Processing PRN 124A1173
2025-08-23 18:16:40,777 - INFO - Inputting PRN: 124A1173
2025-08-23 18:16:41,728 - INFO - Successfully input PRN: 124A1173
2025-08-23 18:16:42,029 - INFO - Iteration 150/150: Processing PRN 124A1174
2025-08-23 18:16:42,029 - INFO - Inputting PRN: 124A1174
2025-08-23 18:16:42,980 - INFO - Successfully input PRN: 124A1174
2025-08-23 18:16:43,281 - INFO - Automation cycle completed
2025-08-23 18:16:43,281 - INFO - Waiting 20 seconds before next cycle...
2025-08-23 18:17:03,302 - INFO - === Starting Cycle 3 ===
2025-08-23 18:24:40,678 - INFO - Exiting automation
2025-08-23 18:24:40,682 - INFO - MongoDB connection closed
2025-08-23 18:24:40,683 - INFO - MongoDB connection closed
